#
# A fatal error has been detected by the Java Runtime Environment:
#
#  EXCEPTION_ACCESS_VIOLATION (0xc0000005) at pc=0x00007ffc93a01e15, pid=44784, tid=79508
#
# JRE version: OpenJDK Runtime Environment (25.0.2+10) (build 25.0.2+10-69)
# Java VM: OpenJDK 64-Bit Server VM (25.0.2+10-69, mixed mode, sharing, tiered, compressed oops, compressed class ptrs, g1 gc, windows-amd64)
# Problematic frame:
# C  [glfw.dll+0x1e15]
#
# No core dump will be written. Minidumps are not enabled by default on client versions of Windows
#
# If you would like to submit a bug report, please visit:
#   https://bugreport.java.com/bugreport/crash.jsp
# The crash happened outside the Java Virtual Machine in native code.
# See problematic frame for where to report the bug.
#

---------------  S U M M A R Y ------------

Command Line: -Dfile.encoding=UTF-8 -Duser.country=US -Duser.language=en -Duser.variant Main

Host: AMD Ryzen 7 7800X3D 8-Core Processor           , 16 cores, 31G,  Windows 11 , 64 bit Build 26100 (10.0.26100.5074)
Time: Tue May  5 17:36:30 2026 Eastern Daylight Time elapsed time: 0.333427 seconds (0d 0h 0m 0s)

---------------  T H R E A D  ---------------

Current thread (0x0000015994728de0):  JavaThread "main"             [_thread_in_native, id=79508, stack(0x00000017b4f00000,0x00000017b5000000) (1024K)]

Stack: [0x00000017b4f00000,0x00000017b5000000],  sp=0x00000017b4ffeea8,  free space=1019k
Native frames: (J=compiled Java code, j=interpreted, Vv=VM code, C=native code)
C  [glfw.dll+0x1e15]  (no source info available)

Java frames: (J=compiled Java code, j=interpreted, Vv=VM code)
v  ~RuntimeStub::nep_invoker_blob 0x00000159a6cb51e8
j  java.lang.invoke.LambdaForm$MH+0x000000002b0dfc00.invoke(Ljava/lang/Object;JJ)V+10 java.base@25.0.2
j  java.lang.invoke.LambdaForm$MH+0x000000002b0e2c00.invokeExact_MT(Ljava/lang/Object;JJLjava/lang/Object;)V+21 java.base@25.0.2
j  jdk.internal.foreign.abi.DowncallStub+0x000000002b0e0000.invoke(Ljava/lang/foreign/SegmentAllocator;Ljava/lang/foreign/MemorySegment;J)V+46 java.base@25.0.2
j  java.lang.invoke.LambdaForm$DMH+0x000000002b0e0400.invokeStatic(Ljava/lang/Object;Ljava/lang/Object;Ljava/lang/Object;J)V+14 java.base@25.0.2
j  java.lang.invoke.LambdaForm$MH+0x000000002b0e1c00.invoke(Ljava/lang/Object;Ljava/lang/Object;J)V+41 java.base@25.0.2
j  java.lang.invoke.LambdaForm$MH+0x000000002b0e2400.invokeExact_MT(Ljava/lang/Object;Ljava/lang/Object;JLjava/lang/Object;)V+21 java.base@25.0.2
j  org.lwjgl.system.JNIBindingsImpl+0x000000002b0c8000.invokePV(Ljava/lang/foreign/MemorySegment;J)V+5
j  org.lwjgl.system.JNI.invokePV(JJ)V+8
j  org.lwjgl.glfw.GLFW.glfwSwapBuffers(J)V+17
j  engine.Window.init()V+95
j  engine.Window.run()V+16
j  Main.main([Ljava/lang/String;)V+5
v  ~StubRoutines::call_stub 0x00000159a68612ed

siginfo: EXCEPTION_ACCESS_VIOLATION (0xc0000005), reading address 0x0000000000000219


Registers:
RAX=0x00000159bc305bc0, RBX=0x00000159bc305bc0, RCX=0x0000000000000001, RDX=0x00007ffc93a01e00
RSP=0x00000017b4ffeea8, RBP=0x00000017b4ffeed0, RSI=0x0000000000000002, RDI=0x0000000000000211
R8 =0x0000000000000001, R9 =0x000000062b9b1438, R10=0x00007ffc93a01e00, R11=0x00000159a7027900
R12=0x0000000000000000, R13=0x00000017b4ffeee0, R14=0x00000017b4ffef88, R15=0x0000015994728de0
RIP=0x00007ffc93a01e15, EFLAGS=0x0000000000010202

XMM[0]=0x3b3b3b3b3b3b3b3b 0x3b3b3b3b3b3b3b3b
XMM[1]=0x6b6f766e692f676e 0x616c2f6176616a4c
XMM[2]=0x3b656d614e726562 0x6d654d2f656b6f76
XMM[3]=0x00007ffc873a2e50 0x00007ffc873a2e20
XMM[4]=0x00007ffc873a2eb0 0x00007ffc873a2e80
XMM[5]=0x0000000000000000 0x0000000000000000
XMM[6]=0x0000000000000000 0xe14fd9ee7c97227f
XMM[7]=0x0000000000000000 0x7390eba547f7bc35
XMM[8]=0x0000000000000000 0xe0c0aa4893f5871c
XMM[9]=0x0000000000000000 0xf8e2f4cefaeb1564
XMM[10]=0x0000000000000000 0x0000000002082096
XMM[11]=0x0000000000000000 0x2079760f1b648b73
XMM[12]=0x0000000000000000 0x00000000faeb1564
XMM[13]=0x0000000000000000 0x0000000000000000
XMM[14]=0x0000000000000000 0x0000000000000000
XMM[15]=0x0000000000000000 0x0000000000000000
  MXCSR=0x00001fa0


Register to memory mapping:

RAX={method} {0x00000159bc305bc8} 'linkToNative' '(JJLjava/lang/Object;)V' in 'java/lang/invoke/MethodHandle'
RBX={method} {0x00000159bc305bc8} 'linkToNative' '(JJLjava/lang/Object;)V' in 'java/lang/invoke/MethodHandle'
RCX=0x0000000000000001 is an unknown value
RDX=0x00007ffc93a01e00 glfw.dll
RSP=0x00000017b4ffeea8 is pointing into the stack for thread: 0x0000015994728de0
RBP=0x00000017b4ffeed0 is pointing into the stack for thread: 0x0000015994728de0
RSI=0x0000000000000002 is an unknown value
RDI=0x0000000000000211 is an unknown value
R8 =0x0000000000000001 is an unknown value
R9 =0x000000062b9b1438 is an oop: jdk.internal.foreign.abi.NativeEntryPoint 
{0x000000062b9b1438} - klass: 'jdk/internal/foreign/abi/NativeEntryPoint' - flags: 

 - ---- fields (total size 3 words):
 - private final 'methodType' 'Ljava/lang/invoke/MethodType;' @12  a 'java/lang/invoke/MethodType'{0x000000062cfc8940} = (JJ)V (0xc59f9128)
 - private final 'downcallStubAddress' 'J' @16  1484562059744 (0x00000159a6cb51e0)
R10=0x00007ffc93a01e00 glfw.dll
R11=0x00000159a7027900 is at entry_point+0 in (nmethod*)0x00000159a7027808
Compiled method (n/a) 369 1646     n 0       java.lang.invoke.MethodHandle::linkToNative(JJL)V (native)
 total in heap  [0x00000159a7027808,0x00000159a7027908] = 256
 main code      [0x00000159a7027900,0x00000159a7027907] = 7
 stub code      [0x00000159a7027907,0x00000159a7027908] = 1
R12=0x0 is null
R13=0x00000017b4ffeee0 is pointing into the stack for thread: 0x0000015994728de0
R14=0x00000017b4ffef88 is pointing into the stack for thread: 0x0000015994728de0
R15=0x0000015994728de0 is a thread

Top of Stack: (sp=0x00000017b4ffeea8)
0x00000017b4ffeea8:   00000159a6cb521e 00000159bc175180   .R..Y....Q..Y...
0x00000017b4ffeeb8:   0000000000000002 00000159bc2f0ae8   ........../.Y...
0x00000017b4ffeec8:   0000000000000000 00000017b4ffef50   ........P.......
0x00000017b4ffeed8:   00000159a6868b18 000000062b9b1438   ....Y...8..+....
0x00000017b4ffeee8:   0000000000000001 0000000000000000   ................
0x00000017b4ffeef8:   00007ffc93a01e00 0000000000000000   ................
0x00000017b4ffef08:   fffffffffffffff7 00000159bc671252   ........R.g.Y...
0x00000017b4ffef18:   0000000000000007 00000159bc6713f8   ..........g.Y...
0x00000017b4ffef28:   0000000000000000 000000062b9b8e10   ...........+....
0x00000017b4ffef38:   00000159bc671260 fffffffffffffff2   `.g.Y...........
0x00000017b4ffef48:   00000017b4ffef68 00000017b4ffefd8   h...............
0x00000017b4ffef58:   00000159a6868b18 000000062b9b1438   ....Y...8..+....
0x00000017b4ffef68:   0000000000000001 0000000000000000   ................
0x00000017b4ffef78:   00007ffc93a01e00 0000000000000000   ................
0x00000017b4ffef88:   000000062b9b8f40 fffffffffffffff7   @..+............
0x00000017b4ffef98:   00000159bc67729d 0000000000000007   .rg.Y...........
0x00000017b4ffefa8:   00000159bc677460 0000000000000000   `tg.Y...........
0x00000017b4ffefb8:   000000062ba1bf48 00000159bc6772b0   H..+.....rg.Y...
0x00000017b4ffefc8:   fffffffffffffff2 00000017b4ffefe8   ................
0x00000017b4ffefd8:   00000017b4fff060 00000159a6868b18   `...........Y...
0x00000017b4ffefe8:   000000062cfc8940 0000000000000001   @..,............
0x00000017b4ffeff8:   0000000000000000 00007ffc93a01e00   ................
0x00000017b4fff008:   0000000000000000 000000062b9b8f40   ........@..+....
0x00000017b4fff018:   fffffffffffffff7 00000159bc671b9e   ..........g.Y...
0x00000017b4fff028:   000000000000000b 00000159bc671d98   ..........g.Y...
0x00000017b4fff038:   0000000000000000 000000062b9c2878   ........x(.+....
0x00000017b4fff048:   00000159bc671be0 fffffffffffffff1   ..g.Y...........
0x00000017b4fff058:   00000017b4fff098 00000017b4fff108   ................
0x00000017b4fff068:   00000159a6868b18 000000062c4b2d98   ....Y....-K,....
0x00000017b4fff078:   000000062c908d40 0000000000000001   @..,............
0x00000017b4fff088:   0000000000000000 00007ffc93a01e00   ................
0x00000017b4fff098:   0000000000000000 0000000000000001   ................

Instructions: (pc=0x00007ffc93a01e15)
  0x00007ffc93a01d15:   c3 48 8d 0d 3f f6 07 00 e8 4e a4 00 00 48 85 c0
  0x00007ffc93a01d25:   75 19 48 8d 15 12 0f 03 00 b9 02 00 01 00 e8 d8
  0x00007ffc93a01d35:   01 00 00 33 c0 48 83 c4 20 5b c3 48 8b 80 80 02
  0x00007ffc93a01d45:   00 00 48 8b cb 48 83 c4 20 5b 48 ff e0 cc cc cc
  0x00007ffc93a01d55:   cc cc cc cc cc cc cc cc cc cc cc 40 53 48 83 ec
  0x00007ffc93a01d65:   20 83 3d 23 dc 07 00 00 48 8b d9 75 11 33 d2 b9
  0x00007ffc93a01d75:   01 00 01 00 48 83 c4 20 5b e9 8d 01 00 00 48 8d
  0x00007ffc93a01d85:   0d d2 f5 07 00 e8 e1 a3 00 00 48 8b c8 48 85 db
  0x00007ffc93a01d95:   74 1f 83 bb 18 02 00 00 00 75 16 48 8d 15 09 0d
  0x00007ffc93a01da5:   03 00 b9 0a 00 01 00 48 83 c4 20 5b e9 5a 01 00
  0x00007ffc93a01db5:   00 48 85 c9 74 1e 48 85 db 74 0e 8b 80 1c 02 00
  0x00007ffc93a01dc5:   00 39 83 1c 02 00 00 74 10 48 8b 81 60 02 00 00
  0x00007ffc93a01dd5:   33 c9 ff d0 48 85 db 74 12 48 8b 83 60 02 00 00
  0x00007ffc93a01de5:   48 8b cb 48 83 c4 20 5b 48 ff e0 48 83 c4 20 5b
  0x00007ffc93a01df5:   c3 cc cc cc cc cc cc cc cc cc cc 83 3d 89 db 07
  0x00007ffc93a01e05:   00 00 75 0c 33 d2 b9 01 00 01 00 e9 fb 00 00 00
=>0x00007ffc93a01e15:   83 b9 18 02 00 00 00 75 11 48 8d 15 db 0c 03 00
  0x00007ffc93a01e25:   b9 0a 00 01 00 e9 e1 00 00 00 48 8b 81 68 02 00
  0x00007ffc93a01e35:   00 48 ff e0 cc cc cc cc cc cc cc 40 53 48 83 ec
  0x00007ffc93a01e45:   20 83 3d 43 db 07 00 00 8b d9 75 11 33 d2 b9 01
  0x00007ffc93a01e55:   00 01 00 48 83 c4 20 5b e9 ae 00 00 00 48 8d 0d
  0x00007ffc93a01e65:   f3 f4 07 00 e8 02 a3 00 00 48 85 c0 75 16 48 8d
  0x00007ffc93a01e75:   15 d6 0c 03 00 b9 02 00 01 00 48 83 c4 20 5b e9
  0x00007ffc93a01e85:   87 00 00 00 48 8b 80 70 02 00 00 8b cb 48 83 c4
  0x00007ffc93a01e95:   20 5b 48 ff e0 cc cc cc cc cc cc 48 89 54 24 10
  0x00007ffc93a01ea5:   4c 89 44 24 18 4c 89 4c 24 20 53 56 57 48 83 ec
  0x00007ffc93a01eb5:   30 48 8b fa 48 8d 74 24 60 48 8b d9 e8 3a f1 ff
  0x00007ffc93a01ec5:   ff 48 89 74 24 28 4c 8b cf 49 c7 c0 ff ff ff ff
  0x00007ffc93a01ed5:   48 c7 44 24 20 00 00 00 00 48 8b d3 48 8b 08 e8
  0x00007ffc93a01ee5:   93 d6 01 00 48 83 c4 30 5f 5e 5b c3 cc cc cc cc
  0x00007ffc93a01ef5:   cc cc cc cc cc cc cc cc cc cc cc 48 8d 05 19 1d
  0x00007ffc93a01f05:   08 00 c3 cc cc cc cc cc cc cc cc 4c 8b dc 49 89


Stack slot to memory mapping:

stack at sp + 0 slots: 0x00000159a6cb521e is at code_begin+62 in 
[CodeBlob kind:6 (0x00000159a6cb5188)]
Framesize: 6
Runtime Stub (0x00000159a6cb5188): nep_invoker_blob
--------------------------------------------------------------------------------
Decoding CodeBlob, name: nep_invoker_blob, at  [0x00000159a6cb51e0, 0x00000159a6cb52d0]  240 bytes
[MachCode]
  0x00000159a6cb51e0: 5548 8bec | 4883 ec20 | c5f8 7749 | 89af 3804 | 0000 49ba | e851 cba6 | 5901 0000 | 4d89 9730 
  0x00000159a6cb5200: 0400 0049 | 89a7 2804 | 0000 41c7 | 87d4 0400 | 0004 0000 | 004c 8bd2 | 498b c841 | ffd2 c5f8 
  0x00000159a6cb5220: 7741 c787 | d404 0000 | 0500 0000 | f083 4424 | c000 493b | 6f28 0f87 | 4d00 0000 | 4183 bfd0 
  0x00000159a6cb5240: 0400 0000 | 0f85 3f00 | 0000 41c7 | 87d4 0400 | 0008 0000 | 0041 83bf | 5005 0000 | 020f 844b 
  0x00000159a6cb5260: 0000 0049 | c787 2804 | 0000 0000 | 0000 49c7 | 8738 0400 | 0000 0000 | 0049 c787 | 3004 0000 
  0x00000159a6cb5280: 0000 0000 | c5f8 77c9 | c349 8bcf | c5f8 774c | 8be4 4883 | ec20 4883 | e4f0 48b8 | a0af 606a 
  0x00000159a6cb52a0: fc7f 0000 | ffd0 498b | e44d 33e4 | eb9c c5f8 | 774c 8be4 | 4883 ec20 | 4883 e4f0 | 48b8 b0fc 
  0x00000159a6cb52c0: 996a fc7f | 0000 ffd0 | 498b e44d | 33e4 eb93 
[/MachCode]
--------------------------------------------------------------------------------
stack at sp + 1 slots: 0x00000159bc175180 is pointing into metadata
stack at sp + 2 slots: 0x0000000000000002 is an unknown value
stack at sp + 3 slots: 0x00000159bc2f0ae8 is pointing into metadata
stack at sp + 4 slots: 0x0 is null
stack at sp + 5 slots: 0x00000017b4ffef50 is pointing into the stack for thread: 0x0000015994728de0
stack at sp + 6 slots: 0x00000159a6868b18 is at code_begin+1272 in an Interpreter codelet
return entry points  [0x00000159a6868620, 0x00000159a6869298]  3192 bytes
stack at sp + 7 slots: 0x000000062b9b1438 is an oop: jdk.internal.foreign.abi.NativeEntryPoint 
{0x000000062b9b1438} - klass: 'jdk/internal/foreign/abi/NativeEntryPoint' - flags: 

 - ---- fields (total size 3 words):
 - private final 'methodType' 'Ljava/lang/invoke/MethodType;' @12  a 'java/lang/invoke/MethodType'{0x000000062cfc8940} = (JJ)V (0xc59f9128)
 - private final 'downcallStubAddress' 'J' @16  1484562059744 (0x00000159a6cb51e0)

Lock stack of current Java thread (top to bottom):

--------------------------------------------------------------------------------
Decoding CodeBlob, name: nep_invoker_blob, at  [0x00000159a6cb51e0, 0x00000159a6cb52d0]  240 bytes
[MachCode]
  0x00000159a6cb51e0: 5548 8bec | 4883 ec20 | c5f8 7749 | 89af 3804 | 0000 49ba | e851 cba6 | 5901 0000 | 4d89 9730 
  0x00000159a6cb5200: 0400 0049 | 89a7 2804 | 0000 41c7 | 87d4 0400 | 0004 0000 | 004c 8bd2 | 498b c841 | ffd2 c5f8 
  0x00000159a6cb5220: 7741 c787 | d404 0000 | 0500 0000 | f083 4424 | c000 493b | 6f28 0f87 | 4d00 0000 | 4183 bfd0 
  0x00000159a6cb5240: 0400 0000 | 0f85 3f00 | 0000 41c7 | 87d4 0400 | 0008 0000 | 0041 83bf | 5005 0000 | 020f 844b 
  0x00000159a6cb5260: 0000 0049 | c787 2804 | 0000 0000 | 0000 49c7 | 8738 0400 | 0000 0000 | 0049 c787 | 3004 0000 
  0x00000159a6cb5280: 0000 0000 | c5f8 77c9 | c349 8bcf | c5f8 774c | 8be4 4883 | ec20 4883 | e4f0 48b8 | a0af 606a 
  0x00000159a6cb52a0: fc7f 0000 | ffd0 498b | e44d 33e4 | eb9c c5f8 | 774c 8be4 | 4883 ec20 | 4883 e4f0 | 48b8 b0fc 
  0x00000159a6cb52c0: 996a fc7f | 0000 ffd0 | 498b e44d | 33e4 eb93 
[/MachCode]
--------------------------------------------------------------------------------


---------------  P R O C E S S  ---------------

Threads class SMR info:
_java_thread_list=0x00000159c06817a0, length=18, elements={
0x0000015994728de0, 0x00000159b8a021b0, 0x00000159b8a03980, 0x00000159b8a07700,
0x00000159b8a0a790, 0x00000159b8a09700, 0x00000159b8a0e030, 0x00000159b8a12170,
0x00000159b8a1ac90, 0x00000159bb8c57f0, 0x00000159bb8d61d0, 0x00000159bb8f6c90,
0x00000159bb982e30, 0x00000159c051acb0, 0x00000159c0609350, 0x00000159c061e440,
0x00000159c072a760, 0x00000159c06d2060
}

Java Threads: ( => current thread )
=>0x0000015994728de0 JavaThread "main"                              [_thread_in_native, id=79508, stack(0x00000017b4f00000,0x00000017b5000000) (1024K)]
  0x00000159b8a021b0 JavaThread "Reference Handler"          daemon [_thread_blocked, id=21244, stack(0x00000017b5700000,0x00000017b5800000) (1024K)]
  0x00000159b8a03980 JavaThread "Finalizer"                  daemon [_thread_blocked, id=90336, stack(0x00000017b5800000,0x00000017b5900000) (1024K)]
  0x00000159b8a07700 JavaThread "Signal Dispatcher"          daemon [_thread_blocked, id=35964, stack(0x00000017b5900000,0x00000017b5a00000) (1024K)]
  0x00000159b8a0a790 JavaThread "Attach Listener"            daemon [_thread_blocked, id=72816, stack(0x00000017b5a00000,0x00000017b5b00000) (1024K)]
  0x00000159b8a09700 JavaThread "Service Thread"             daemon [_thread_blocked, id=63392, stack(0x00000017b5b00000,0x00000017b5c00000) (1024K)]
  0x00000159b8a0e030 JavaThread "Monitor Deflation Thread"   daemon [_thread_blocked, id=88292, stack(0x00000017b5c00000,0x00000017b5d00000) (1024K)]
  0x00000159b8a12170 JavaThread "C2 CompilerThread0"         daemon [_thread_blocked, id=67780, stack(0x00000017b5d00000,0x00000017b5e00000) (1024K)]
  0x00000159b8a1ac90 JavaThread "C1 CompilerThread0"         daemon [_thread_blocked, id=79256, stack(0x00000017b5e00000,0x00000017b5f00000) (1024K)]
  0x00000159bb8c57f0 JavaThread "Notification Thread"        daemon [_thread_blocked, id=67564, stack(0x00000017b5f00000,0x00000017b6000000) (1024K)]
  0x00000159bb8d61d0 JavaThread "Common-Cleaner"             daemon [_thread_blocked, id=59632, stack(0x00000017b6000000,0x00000017b6100000) (1024K)]
  0x00000159bb8f6c90 JavaThread "C1 CompilerThread1"         daemon [_thread_blocked, id=57144, stack(0x00000017b6100000,0x00000017b6200000) (1024K)]
  0x00000159bb982e30 JavaThread "C2 CompilerThread1"         daemon [_thread_blocked, id=23636, stack(0x00000017b6200000,0x00000017b6300000) (1024K)]
  0x00000159c051acb0 JavaThread "C1 CompilerThread2"         daemon [_thread_blocked, id=24072, stack(0x00000017b6300000,0x00000017b6400000) (1024K)]
  0x00000159c0609350 JavaThread "C1 CompilerThread3"         daemon [_thread_blocked, id=77192, stack(0x00000017b6400000,0x00000017b6500000) (1024K)]
  0x00000159c061e440 JavaThread "C2 CompilerThread2"         daemon [_thread_blocked, id=40352, stack(0x00000017b6500000,0x00000017b6600000) (1024K)]
  0x00000159c072a760 JavaThread "C2 CompilerThread3"         daemon [_thread_blocked, id=61124, stack(0x00000017b6600000,0x00000017b6700000) (1024K)]
  0x00000159c06d2060 JavaThread "C2 CompilerThread4"         daemon [_thread_blocked, id=74540, stack(0x00000017b6700000,0x00000017b6800000) (1024K)]
Total: 18

Other Threads:
  0x00000159b89ebf90 VMThread "VM Thread"                           [id=3564, stack(0x00000017b5600000,0x00000017b5700000) (1024K)]
  0x00000159b89db250 WatcherThread "VM Periodic Task Thread"        [id=38452, stack(0x00000017b5500000,0x00000017b5600000) (1024K)]
  0x0000015996c29b00 WorkerThread "GC Thread#0"                     [id=89064, stack(0x00000017b5000000,0x00000017b5100000) (1024K)]
  0x00000159b8837d20 ConcurrentGCThread "G1 Main Marker"            [id=17264, stack(0x00000017b5100000,0x00000017b5200000) (1024K)]
  0x00000159b88388c0 WorkerThread "G1 Conc#0"                       [id=53508, stack(0x00000017b5200000,0x00000017b5300000) (1024K)]
  0x00000159b88a1100 ConcurrentGCThread "G1 Refine#0"               [id=83284, stack(0x00000017b5300000,0x00000017b5400000) (1024K)]
  0x00000159b88a1d10 ConcurrentGCThread "G1 Service"                [id=71472, stack(0x00000017b5400000,0x00000017b5500000) (1024K)]
Total: 7

Threads with active compile tasks:
Total: 0

VM state: not at safepoint (normal execution)

VM Mutex/Monitor currently owned by a thread: None

Heap address: 0x000000060e000000, size: 7968 MB, Compressed Oops mode: Zero based, Oop shift amount: 3

CDS archive(s) mapped at: [0x000000002a000000-0x000000002add0000-0x000000002add0000), size 14483456, SharedBaseAddress: 0x000000002a000000, ArchiveRelocationMode: 1.
Compressed class space mapped at: 0x000000002b000000-0x000000006b000000, reserved size: 1073741824
UseCompressedClassPointers 1, UseCompactObjectHeaders 0
Narrow klass pointer bits 32, Max shift 3
Narrow klass base: 0x000000002a000000, Narrow klass shift: 0
Encoding Range: [0x000000002a000000 - 0x000000012a000000), (4294967296 bytes)
Klass Range:    [0x000000002a010000 - 0x000000006b000000), (1090453504 bytes)
Klass ID Range:  [65536 - 1090519033) (1090453497)
Protection zone: [0x000000002a000000 - 0x000000002a010000), (65536 bytes)

GC Precious Log:
 CardTable entry size: 512
 Card Set container configuration: InlinePtr #cards 4 size 8 Array Of Cards #cards 32 size 80 Howl #buckets 8 coarsen threshold 7372 Howl Bitmap #cards 1024 size 144 coarsen threshold 921 Card regions per heap region 1 cards per card region 8192
 CPUs: 16 total, 16 available
 Memory: 31861M
 Large Page Support: Disabled
 NUMA Support: Disabled
 Compressed Oops: Enabled (Zero based)
 Heap Region Size: 4M
 Heap Min Capacity: 8M
 Heap Initial Capacity: 500M
 Heap Max Capacity: 7968M
 Pre-touch: Disabled
 Parallel Workers: 13
 Concurrent Workers: 3
 Concurrent Refinement Workers: 13
 Periodic GC: Disabled

Heap:
 garbage-first heap   total reserved 8159232K, committed 516096K, used 21651K [0x000000060e000000, 0x0000000800000000)
  region size 4096K, 7 young (28672K), 0 survivors (0K)

Heap Regions: E=young(eden), S=young(survivor), O=old, HS=humongous(starts), HC=humongous(continues), CS=collection set, F=free, TAMS=top-at-mark-start, PB=parsable bottom
|   0|0x000000060e000000, 0x000000060e000000, 0x000000060e400000|  0%| F|  |TAMS 0x000000060e000000| PB 0x000000060e000000| Untracked |  0
|   1|0x000000060e400000, 0x000000060e400000, 0x000000060e800000|  0%| F|  |TAMS 0x000000060e400000| PB 0x000000060e400000| Untracked |  0
|   2|0x000000060e800000, 0x000000060e800000, 0x000000060ec00000|  0%| F|  |TAMS 0x000000060e800000| PB 0x000000060e800000| Untracked |  0
|   3|0x000000060ec00000, 0x000000060ec00000, 0x000000060f000000|  0%| F|  |TAMS 0x000000060ec00000| PB 0x000000060ec00000| Untracked |  0
|   4|0x000000060f000000, 0x000000060f000000, 0x000000060f400000|  0%| F|  |TAMS 0x000000060f000000| PB 0x000000060f000000| Untracked |  0
|   5|0x000000060f400000, 0x000000060f400000, 0x000000060f800000|  0%| F|  |TAMS 0x000000060f400000| PB 0x000000060f400000| Untracked |  0
|   6|0x000000060f800000, 0x000000060f800000, 0x000000060fc00000|  0%| F|  |TAMS 0x000000060f800000| PB 0x000000060f800000| Untracked |  0
|   7|0x000000060fc00000, 0x000000060fc00000, 0x0000000610000000|  0%| F|  |TAMS 0x000000060fc00000| PB 0x000000060fc00000| Untracked |  0
|   8|0x0000000610000000, 0x0000000610000000, 0x0000000610400000|  0%| F|  |TAMS 0x0000000610000000| PB 0x0000000610000000| Untracked |  0
|   9|0x0000000610400000, 0x0000000610400000, 0x0000000610800000|  0%| F|  |TAMS 0x0000000610400000| PB 0x0000000610400000| Untracked |  0
|  10|0x0000000610800000, 0x0000000610800000, 0x0000000610c00000|  0%| F|  |TAMS 0x0000000610800000| PB 0x0000000610800000| Untracked |  0
|  11|0x0000000610c00000, 0x0000000610c00000, 0x0000000611000000|  0%| F|  |TAMS 0x0000000610c00000| PB 0x0000000610c00000| Untracked |  0
|  12|0x0000000611000000, 0x0000000611000000, 0x0000000611400000|  0%| F|  |TAMS 0x0000000611000000| PB 0x0000000611000000| Untracked |  0
|  13|0x0000000611400000, 0x0000000611400000, 0x0000000611800000|  0%| F|  |TAMS 0x0000000611400000| PB 0x0000000611400000| Untracked |  0
|  14|0x0000000611800000, 0x0000000611800000, 0x0000000611c00000|  0%| F|  |TAMS 0x0000000611800000| PB 0x0000000611800000| Untracked |  0
|  15|0x0000000611c00000, 0x0000000611c00000, 0x0000000612000000|  0%| F|  |TAMS 0x0000000611c00000| PB 0x0000000611c00000| Untracked |  0
|  16|0x0000000612000000, 0x0000000612000000, 0x0000000612400000|  0%| F|  |TAMS 0x0000000612000000| PB 0x0000000612000000| Untracked |  0
|  17|0x0000000612400000, 0x0000000612400000, 0x0000000612800000|  0%| F|  |TAMS 0x0000000612400000| PB 0x0000000612400000| Untracked |  0
|  18|0x0000000612800000, 0x0000000612800000, 0x0000000612c00000|  0%| F|  |TAMS 0x0000000612800000| PB 0x0000000612800000| Untracked |  0
|  19|0x0000000612c00000, 0x0000000612c00000, 0x0000000613000000|  0%| F|  |TAMS 0x0000000612c00000| PB 0x0000000612c00000| Untracked |  0
|  20|0x0000000613000000, 0x0000000613000000, 0x0000000613400000|  0%| F|  |TAMS 0x0000000613000000| PB 0x0000000613000000| Untracked |  0
|  21|0x0000000613400000, 0x0000000613400000, 0x0000000613800000|  0%| F|  |TAMS 0x0000000613400000| PB 0x0000000613400000| Untracked |  0
|  22|0x0000000613800000, 0x0000000613800000, 0x0000000613c00000|  0%| F|  |TAMS 0x0000000613800000| PB 0x0000000613800000| Untracked |  0
|  23|0x0000000613c00000, 0x0000000613c00000, 0x0000000614000000|  0%| F|  |TAMS 0x0000000613c00000| PB 0x0000000613c00000| Untracked |  0
|  24|0x0000000614000000, 0x0000000614000000, 0x0000000614400000|  0%| F|  |TAMS 0x0000000614000000| PB 0x0000000614000000| Untracked |  0
|  25|0x0000000614400000, 0x0000000614400000, 0x0000000614800000|  0%| F|  |TAMS 0x0000000614400000| PB 0x0000000614400000| Untracked |  0
|  26|0x0000000614800000, 0x0000000614800000, 0x0000000614c00000|  0%| F|  |TAMS 0x0000000614800000| PB 0x0000000614800000| Untracked |  0
|  27|0x0000000614c00000, 0x0000000614c00000, 0x0000000615000000|  0%| F|  |TAMS 0x0000000614c00000| PB 0x0000000614c00000| Untracked |  0
|  28|0x0000000615000000, 0x0000000615000000, 0x0000000615400000|  0%| F|  |TAMS 0x0000000615000000| PB 0x0000000615000000| Untracked |  0
|  29|0x0000000615400000, 0x0000000615400000, 0x0000000615800000|  0%| F|  |TAMS 0x0000000615400000| PB 0x0000000615400000| Untracked |  0
|  30|0x0000000615800000, 0x0000000615800000, 0x0000000615c00000|  0%| F|  |TAMS 0x0000000615800000| PB 0x0000000615800000| Untracked |  0
|  31|0x0000000615c00000, 0x0000000615c00000, 0x0000000616000000|  0%| F|  |TAMS 0x0000000615c00000| PB 0x0000000615c00000| Untracked |  0
|  32|0x0000000616000000, 0x0000000616000000, 0x0000000616400000|  0%| F|  |TAMS 0x0000000616000000| PB 0x0000000616000000| Untracked |  0
|  33|0x0000000616400000, 0x0000000616400000, 0x0000000616800000|  0%| F|  |TAMS 0x0000000616400000| PB 0x0000000616400000| Untracked |  0
|  34|0x0000000616800000, 0x0000000616800000, 0x0000000616c00000|  0%| F|  |TAMS 0x0000000616800000| PB 0x0000000616800000| Untracked |  0
|  35|0x0000000616c00000, 0x0000000616c00000, 0x0000000617000000|  0%| F|  |TAMS 0x0000000616c00000| PB 0x0000000616c00000| Untracked |  0
|  36|0x0000000617000000, 0x0000000617000000, 0x0000000617400000|  0%| F|  |TAMS 0x0000000617000000| PB 0x0000000617000000| Untracked |  0
|  37|0x0000000617400000, 0x0000000617400000, 0x0000000617800000|  0%| F|  |TAMS 0x0000000617400000| PB 0x0000000617400000| Untracked |  0
|  38|0x0000000617800000, 0x0000000617800000, 0x0000000617c00000|  0%| F|  |TAMS 0x0000000617800000| PB 0x0000000617800000| Untracked |  0
|  39|0x0000000617c00000, 0x0000000617c00000, 0x0000000618000000|  0%| F|  |TAMS 0x0000000617c00000| PB 0x0000000617c00000| Untracked |  0
|  40|0x0000000618000000, 0x0000000618000000, 0x0000000618400000|  0%| F|  |TAMS 0x0000000618000000| PB 0x0000000618000000| Untracked |  0
|  41|0x0000000618400000, 0x0000000618400000, 0x0000000618800000|  0%| F|  |TAMS 0x0000000618400000| PB 0x0000000618400000| Untracked |  0
|  42|0x0000000618800000, 0x0000000618800000, 0x0000000618c00000|  0%| F|  |TAMS 0x0000000618800000| PB 0x0000000618800000| Untracked |  0
|  43|0x0000000618c00000, 0x0000000618c00000, 0x0000000619000000|  0%| F|  |TAMS 0x0000000618c00000| PB 0x0000000618c00000| Untracked |  0
|  44|0x0000000619000000, 0x0000000619000000, 0x0000000619400000|  0%| F|  |TAMS 0x0000000619000000| PB 0x0000000619000000| Untracked |  0
|  45|0x0000000619400000, 0x0000000619400000, 0x0000000619800000|  0%| F|  |TAMS 0x0000000619400000| PB 0x0000000619400000| Untracked |  0
|  46|0x0000000619800000, 0x0000000619800000, 0x0000000619c00000|  0%| F|  |TAMS 0x0000000619800000| PB 0x0000000619800000| Untracked |  0
|  47|0x0000000619c00000, 0x0000000619c00000, 0x000000061a000000|  0%| F|  |TAMS 0x0000000619c00000| PB 0x0000000619c00000| Untracked |  0
|  48|0x000000061a000000, 0x000000061a000000, 0x000000061a400000|  0%| F|  |TAMS 0x000000061a000000| PB 0x000000061a000000| Untracked |  0
|  49|0x000000061a400000, 0x000000061a400000, 0x000000061a800000|  0%| F|  |TAMS 0x000000061a400000| PB 0x000000061a400000| Untracked |  0
|  50|0x000000061a800000, 0x000000061a800000, 0x000000061ac00000|  0%| F|  |TAMS 0x000000061a800000| PB 0x000000061a800000| Untracked |  0
|  51|0x000000061ac00000, 0x000000061ac00000, 0x000000061b000000|  0%| F|  |TAMS 0x000000061ac00000| PB 0x000000061ac00000| Untracked |  0
|  52|0x000000061b000000, 0x000000061b000000, 0x000000061b400000|  0%| F|  |TAMS 0x000000061b000000| PB 0x000000061b000000| Untracked |  0
|  53|0x000000061b400000, 0x000000061b400000, 0x000000061b800000|  0%| F|  |TAMS 0x000000061b400000| PB 0x000000061b400000| Untracked |  0
|  54|0x000000061b800000, 0x000000061b800000, 0x000000061bc00000|  0%| F|  |TAMS 0x000000061b800000| PB 0x000000061b800000| Untracked |  0
|  55|0x000000061bc00000, 0x000000061bc00000, 0x000000061c000000|  0%| F|  |TAMS 0x000000061bc00000| PB 0x000000061bc00000| Untracked |  0
|  56|0x000000061c000000, 0x000000061c000000, 0x000000061c400000|  0%| F|  |TAMS 0x000000061c000000| PB 0x000000061c000000| Untracked |  0
|  57|0x000000061c400000, 0x000000061c400000, 0x000000061c800000|  0%| F|  |TAMS 0x000000061c400000| PB 0x000000061c400000| Untracked |  0
|  58|0x000000061c800000, 0x000000061c800000, 0x000000061cc00000|  0%| F|  |TAMS 0x000000061c800000| PB 0x000000061c800000| Untracked |  0
|  59|0x000000061cc00000, 0x000000061cc00000, 0x000000061d000000|  0%| F|  |TAMS 0x000000061cc00000| PB 0x000000061cc00000| Untracked |  0
|  60|0x000000061d000000, 0x000000061d000000, 0x000000061d400000|  0%| F|  |TAMS 0x000000061d000000| PB 0x000000061d000000| Untracked |  0
|  61|0x000000061d400000, 0x000000061d400000, 0x000000061d800000|  0%| F|  |TAMS 0x000000061d400000| PB 0x000000061d400000| Untracked |  0
|  62|0x000000061d800000, 0x000000061d800000, 0x000000061dc00000|  0%| F|  |TAMS 0x000000061d800000| PB 0x000000061d800000| Untracked |  0
|  63|0x000000061dc00000, 0x000000061dc00000, 0x000000061e000000|  0%| F|  |TAMS 0x000000061dc00000| PB 0x000000061dc00000| Untracked |  0
|  64|0x000000061e000000, 0x000000061e000000, 0x000000061e400000|  0%| F|  |TAMS 0x000000061e000000| PB 0x000000061e000000| Untracked |  0
|  65|0x000000061e400000, 0x000000061e400000, 0x000000061e800000|  0%| F|  |TAMS 0x000000061e400000| PB 0x000000061e400000| Untracked |  0
|  66|0x000000061e800000, 0x000000061e800000, 0x000000061ec00000|  0%| F|  |TAMS 0x000000061e800000| PB 0x000000061e800000| Untracked |  0
|  67|0x000000061ec00000, 0x000000061ec00000, 0x000000061f000000|  0%| F|  |TAMS 0x000000061ec00000| PB 0x000000061ec00000| Untracked |  0
|  68|0x000000061f000000, 0x000000061f000000, 0x000000061f400000|  0%| F|  |TAMS 0x000000061f000000| PB 0x000000061f000000| Untracked |  0
|  69|0x000000061f400000, 0x000000061f400000, 0x000000061f800000|  0%| F|  |TAMS 0x000000061f400000| PB 0x000000061f400000| Untracked |  0
|  70|0x000000061f800000, 0x000000061f800000, 0x000000061fc00000|  0%| F|  |TAMS 0x000000061f800000| PB 0x000000061f800000| Untracked |  0
|  71|0x000000061fc00000, 0x000000061fc00000, 0x0000000620000000|  0%| F|  |TAMS 0x000000061fc00000| PB 0x000000061fc00000| Untracked |  0
|  72|0x0000000620000000, 0x0000000620000000, 0x0000000620400000|  0%| F|  |TAMS 0x0000000620000000| PB 0x0000000620000000| Untracked |  0
|  73|0x0000000620400000, 0x0000000620400000, 0x0000000620800000|  0%| F|  |TAMS 0x0000000620400000| PB 0x0000000620400000| Untracked |  0
|  74|0x0000000620800000, 0x0000000620800000, 0x0000000620c00000|  0%| F|  |TAMS 0x0000000620800000| PB 0x0000000620800000| Untracked |  0
|  75|0x0000000620c00000, 0x0000000620c00000, 0x0000000621000000|  0%| F|  |TAMS 0x0000000620c00000| PB 0x0000000620c00000| Untracked |  0
|  76|0x0000000621000000, 0x0000000621000000, 0x0000000621400000|  0%| F|  |TAMS 0x0000000621000000| PB 0x0000000621000000| Untracked |  0
|  77|0x0000000621400000, 0x0000000621400000, 0x0000000621800000|  0%| F|  |TAMS 0x0000000621400000| PB 0x0000000621400000| Untracked |  0
|  78|0x0000000621800000, 0x0000000621800000, 0x0000000621c00000|  0%| F|  |TAMS 0x0000000621800000| PB 0x0000000621800000| Untracked |  0
|  79|0x0000000621c00000, 0x0000000621c00000, 0x0000000622000000|  0%| F|  |TAMS 0x0000000621c00000| PB 0x0000000621c00000| Untracked |  0
|  80|0x0000000622000000, 0x0000000622000000, 0x0000000622400000|  0%| F|  |TAMS 0x0000000622000000| PB 0x0000000622000000| Untracked |  0
|  81|0x0000000622400000, 0x0000000622400000, 0x0000000622800000|  0%| F|  |TAMS 0x0000000622400000| PB 0x0000000622400000| Untracked |  0
|  82|0x0000000622800000, 0x0000000622800000, 0x0000000622c00000|  0%| F|  |TAMS 0x0000000622800000| PB 0x0000000622800000| Untracked |  0
|  83|0x0000000622c00000, 0x0000000622c00000, 0x0000000623000000|  0%| F|  |TAMS 0x0000000622c00000| PB 0x0000000622c00000| Untracked |  0
|  84|0x0000000623000000, 0x0000000623000000, 0x0000000623400000|  0%| F|  |TAMS 0x0000000623000000| PB 0x0000000623000000| Untracked |  0
|  85|0x0000000623400000, 0x0000000623400000, 0x0000000623800000|  0%| F|  |TAMS 0x0000000623400000| PB 0x0000000623400000| Untracked |  0
|  86|0x0000000623800000, 0x0000000623800000, 0x0000000623c00000|  0%| F|  |TAMS 0x0000000623800000| PB 0x0000000623800000| Untracked |  0
|  87|0x0000000623c00000, 0x0000000623c00000, 0x0000000624000000|  0%| F|  |TAMS 0x0000000623c00000| PB 0x0000000623c00000| Untracked |  0
|  88|0x0000000624000000, 0x0000000624000000, 0x0000000624400000|  0%| F|  |TAMS 0x0000000624000000| PB 0x0000000624000000| Untracked |  0
|  89|0x0000000624400000, 0x0000000624400000, 0x0000000624800000|  0%| F|  |TAMS 0x0000000624400000| PB 0x0000000624400000| Untracked |  0
|  90|0x0000000624800000, 0x0000000624800000, 0x0000000624c00000|  0%| F|  |TAMS 0x0000000624800000| PB 0x0000000624800000| Untracked |  0
|  91|0x0000000624c00000, 0x0000000624c00000, 0x0000000625000000|  0%| F|  |TAMS 0x0000000624c00000| PB 0x0000000624c00000| Untracked |  0
|  92|0x0000000625000000, 0x0000000625000000, 0x0000000625400000|  0%| F|  |TAMS 0x0000000625000000| PB 0x0000000625000000| Untracked |  0
|  93|0x0000000625400000, 0x0000000625400000, 0x0000000625800000|  0%| F|  |TAMS 0x0000000625400000| PB 0x0000000625400000| Untracked |  0
|  94|0x0000000625800000, 0x0000000625800000, 0x0000000625c00000|  0%| F|  |TAMS 0x0000000625800000| PB 0x0000000625800000| Untracked |  0
|  95|0x0000000625c00000, 0x0000000625c00000, 0x0000000626000000|  0%| F|  |TAMS 0x0000000625c00000| PB 0x0000000625c00000| Untracked |  0
|  96|0x0000000626000000, 0x0000000626000000, 0x0000000626400000|  0%| F|  |TAMS 0x0000000626000000| PB 0x0000000626000000| Untracked |  0
|  97|0x0000000626400000, 0x0000000626400000, 0x0000000626800000|  0%| F|  |TAMS 0x0000000626400000| PB 0x0000000626400000| Untracked |  0
|  98|0x0000000626800000, 0x0000000626800000, 0x0000000626c00000|  0%| F|  |TAMS 0x0000000626800000| PB 0x0000000626800000| Untracked |  0
|  99|0x0000000626c00000, 0x0000000626c00000, 0x0000000627000000|  0%| F|  |TAMS 0x0000000626c00000| PB 0x0000000626c00000| Untracked |  0
| 100|0x0000000627000000, 0x0000000627000000, 0x0000000627400000|  0%| F|  |TAMS 0x0000000627000000| PB 0x0000000627000000| Untracked |  0
| 101|0x0000000627400000, 0x0000000627400000, 0x0000000627800000|  0%| F|  |TAMS 0x0000000627400000| PB 0x0000000627400000| Untracked |  0
| 102|0x0000000627800000, 0x0000000627800000, 0x0000000627c00000|  0%| F|  |TAMS 0x0000000627800000| PB 0x0000000627800000| Untracked |  0
| 103|0x0000000627c00000, 0x0000000627c00000, 0x0000000628000000|  0%| F|  |TAMS 0x0000000627c00000| PB 0x0000000627c00000| Untracked |  0
| 104|0x0000000628000000, 0x0000000628000000, 0x0000000628400000|  0%| F|  |TAMS 0x0000000628000000| PB 0x0000000628000000| Untracked |  0
| 105|0x0000000628400000, 0x0000000628400000, 0x0000000628800000|  0%| F|  |TAMS 0x0000000628400000| PB 0x0000000628400000| Untracked |  0
| 106|0x0000000628800000, 0x0000000628800000, 0x0000000628c00000|  0%| F|  |TAMS 0x0000000628800000| PB 0x0000000628800000| Untracked |  0
| 107|0x0000000628c00000, 0x0000000628c00000, 0x0000000629000000|  0%| F|  |TAMS 0x0000000628c00000| PB 0x0000000628c00000| Untracked |  0
| 108|0x0000000629000000, 0x0000000629000000, 0x0000000629400000|  0%| F|  |TAMS 0x0000000629000000| PB 0x0000000629000000| Untracked |  0
| 109|0x0000000629400000, 0x0000000629400000, 0x0000000629800000|  0%| F|  |TAMS 0x0000000629400000| PB 0x0000000629400000| Untracked |  0
| 110|0x0000000629800000, 0x0000000629800000, 0x0000000629c00000|  0%| F|  |TAMS 0x0000000629800000| PB 0x0000000629800000| Untracked |  0
| 111|0x0000000629c00000, 0x0000000629c00000, 0x000000062a000000|  0%| F|  |TAMS 0x0000000629c00000| PB 0x0000000629c00000| Untracked |  0
| 112|0x000000062a000000, 0x000000062a000000, 0x000000062a400000|  0%| F|  |TAMS 0x000000062a000000| PB 0x000000062a000000| Untracked |  0
| 113|0x000000062a400000, 0x000000062a400000, 0x000000062a800000|  0%| F|  |TAMS 0x000000062a400000| PB 0x000000062a400000| Untracked |  0
| 114|0x000000062a800000, 0x000000062a800000, 0x000000062ac00000|  0%| F|  |TAMS 0x000000062a800000| PB 0x000000062a800000| Untracked |  0
| 115|0x000000062ac00000, 0x000000062ac00000, 0x000000062b000000|  0%| F|  |TAMS 0x000000062ac00000| PB 0x000000062ac00000| Untracked |  0
| 116|0x000000062b000000, 0x000000062b000000, 0x000000062b400000|  0%| F|  |TAMS 0x000000062b000000| PB 0x000000062b000000| Untracked |  0
| 117|0x000000062b400000, 0x000000062b400000, 0x000000062b800000|  0%| F|  |TAMS 0x000000062b400000| PB 0x000000062b400000| Untracked |  0
| 118|0x000000062b800000, 0x000000062bae1558, 0x000000062bc00000| 72%| E|  |TAMS 0x000000062b800000| PB 0x000000062b800000| Complete |  0
| 119|0x000000062bc00000, 0x000000062c000000, 0x000000062c000000|100%| E|CS|TAMS 0x000000062bc00000| PB 0x000000062bc00000| Complete |  0
| 120|0x000000062c000000, 0x000000062c400000, 0x000000062c400000|100%| E|CS|TAMS 0x000000062c000000| PB 0x000000062c000000| Complete |  0
| 121|0x000000062c400000, 0x000000062c800000, 0x000000062c800000|100%| E|  |TAMS 0x000000062c400000| PB 0x000000062c400000| Complete |  0
| 122|0x000000062c800000, 0x000000062cc00000, 0x000000062cc00000|100%| E|CS|TAMS 0x000000062c800000| PB 0x000000062c800000| Complete |  0
| 123|0x000000062cc00000, 0x000000062d000000, 0x000000062d000000|100%| E|CS|TAMS 0x000000062cc00000| PB 0x000000062cc00000| Complete |  0
| 124|0x000000062d000000, 0x000000062d400000, 0x000000062d400000|100%| E|CS|TAMS 0x000000062d000000| PB 0x000000062d000000| Complete |  0
|1991|0x00000007ffc00000, 0x00000007ffd24ea8, 0x0000000800000000| 28%| O|  |TAMS 0x00000007ffc00000| PB 0x00000007ffc00000| Untracked |  0

Card table byte_map: [0x00000159afc20000,0x00000159b0bb0000] _byte_map_base: 0x00000159acbb0000

Marking Bits: (CMBitMap*) 0x0000015996c2a290
 Bits: [0x00000159b0bb0000, 0x00000159b8830000)

Polling page: 0x0000015994c20000

Metaspace:
Metaspace        used 6016K, committed 6464K, reserved 1114112K
 class space     used 574K, committed 768K, reserved 1048576K

Usage:
  Non-class:      5.32 MB used.
      Class:    574.05 KB used.
       Both:      5.88 MB used.

Virtual space:
  Non-class space:       64.00 MB reserved,       5.56 MB (  9%) committed,  1 nodes.
      Class space:        1.00 GB reserved,     768.00 KB ( <1%) committed,  1 nodes.
             Both:        1.06 GB reserved,       6.31 MB ( <1%) committed. 

Chunk freelists:
   Non-Class:  9.53 MB
       Class:  15.11 MB
        Both:  24.65 MB

MaxMetaspaceSize: unlimited
CompressedClassSpaceSize: 1.00 GB
Initial GC threshold: 21.00 MB
Current GC threshold: 21.00 MB
CDS: on
 - commit_granule_bytes: 65536.
 - commit_granule_words: 8192.
 - virtual_space_node_default_size: 8388608.
 - enlarge_chunks_in_place: 1.
UseCompressedClassPointers 1, UseCompactObjectHeaders 0
Narrow klass pointer bits 32, Max shift 3
Narrow klass base: 0x000000002a000000, Narrow klass shift: 0
Encoding Range: [0x000000002a000000 - 0x000000012a000000), (4294967296 bytes)
Klass Range:    [0x000000002a010000 - 0x000000006b000000), (1090453504 bytes)
Klass ID Range:  [65536 - 1090519033) (1090453497)
Protection zone: [0x000000002a000000 - 0x000000002a010000), (65536 bytes)


Internal statistics:

num_allocs_failed_limit: 0.
num_arena_births: 450.
num_arena_deaths: 0.
num_vsnodes_births: 2.
num_vsnodes_deaths: 0.
num_space_committed: 101.
num_space_uncommitted: 0.
num_chunks_returned_to_freelist: 0.
num_chunks_taken_from_freelist: 725.
num_chunk_merges: 0.
num_chunk_splits: 492.
num_chunks_enlarged: 289.
num_inconsistent_stats: 0.

CodeHeap 'non-profiled nmethods': size=119232Kb used=552Kb max_used=552Kb free=118679Kb
 bounds [0x00000159a6fa0000, 0x00000159a7210000, 0x00000159ae410000]
CodeHeap 'profiled nmethods': size=119104Kb used=2367Kb max_used=2367Kb free=116736Kb
 bounds [0x000001599f410000, 0x000001599f680000, 0x00000159a6860000]
CodeHeap 'non-nmethods': size=7424Kb used=4430Kb max_used=4540Kb free=2993Kb
 bounds [0x00000159a6860000, 0x00000159a6ce0000, 0x00000159a6fa0000]
CodeCache: size=245760Kb, used=7349Kb, max_used=7459Kb, free=238408Kb
 total_blobs=3160, nmethods=1662, adapters=1391, full_count=0
Compilation: enabled, stopped_count=0, restarted_count=0

Compilation events (20 events):
Event: 0.252 Thread 0x00000159bb982e30 nmethod 1640 0x00000159a7019508 code [0x00000159a7019600, 0x00000159a7019af0]
Event: 0.252 Thread 0x00000159b8a12170 nmethod 1608 0x00000159a7019b08 code [0x00000159a7019c20, 0x00000159a701b380]
Event: 0.253 Thread 0x00000159c06d2060 nmethod 1619 0x00000159a701b408 code [0x00000159a701b500, 0x00000159a701b910]
Event: 0.254 Thread 0x00000159c061e440 nmethod 1589 0x00000159a701b988 code [0x00000159a701ba80, 0x00000159a701d138]
Event: 0.272 Thread 0x00000159c072a760 nmethod 1482 0x00000159a701d188 code [0x00000159a701d8c0, 0x00000159a7027750]
Event: 0.328 Thread 0x00000159bb8f6c90 1645       3       java.lang.AbstractStringBuilder::ensureCapacitySameCoder (26 bytes)
Event: 0.328 Thread 0x00000159bb8f6c90 nmethod 1645 0x000001599f647288 code [0x000001599f647380, 0x000001599f647530]
Event: 0.329 Thread 0x00000159b8a1ac90 1650       3       java.lang.invoke.MemberName$Factory::resolveOrNull (54 bytes)
Event: 0.329 Thread 0x00000159b8a1ac90 nmethod 1650 0x000001599f647588 code [0x000001599f647680, 0x000001599f647988]
Event: 0.330 Thread 0x00000159c0609350 1651       3       jdk.internal.classfile.impl.StackMapGenerator::processBlock (2767 bytes)
Event: 0.330 Thread 0x00000159c06d2060 1652       4       jdk.internal.classfile.impl.RawBytecodeHelper::isStoreIntoLocal (18 bytes)
Event: 0.330 Thread 0x00000159b8a1ac90 1653       3       java.lang.invoke.LambdaFormBuffer::changeName (149 bytes)
Event: 0.330 Thread 0x00000159bb982e30 1654       4       java.util.Arrays::copyOf (40 bytes)
Event: 0.330 Thread 0x00000159c06d2060 nmethod 1652 0x00000159a7028408 code [0x00000159a7028500, 0x00000159a7028578]
Event: 0.330 Thread 0x00000159b8a1ac90 nmethod 1653 0x000001599f647a08 code [0x000001599f647b00, 0x000001599f6480e8]
Event: 0.330 Thread 0x00000159bb8f6c90 1657       3       java.lang.invoke.MethodType::appendParameterTypes (10 bytes)
Event: 0.330 Thread 0x00000159bb8f6c90 nmethod 1657 0x000001599f648108 code [0x000001599f648200, 0x000001599f6484a0]
Event: 0.330 Thread 0x00000159b8a12170 1660       4       jdk.internal.classfile.impl.DirectMethodBuilder::methodTypeSymbol (8 bytes)
Event: 0.330 Thread 0x00000159c072a760 1661       4       jdk.internal.classfile.impl.AbstractPoolEntry$AbstractRefsEntry::writeTo (27 bytes)
Event: 0.330 Thread 0x00000159c061e440 1662       4       jdk.internal.classfile.impl.AbstractPoolEntry$Utf8EntryImpl::hashCode (8 bytes)

GC Heap Usage History (0 events):
No events

Metaspace Usage History (0 events):
No events

Dll operation events (7 events):
Event: 0.004 Loaded shared library C:\Users\Administrator\.jdks\openjdk-25.0.2\bin\java.dll
Event: 0.024 Loaded shared library C:\Users\Administrator\.jdks\openjdk-25.0.2\bin\net.dll
Event: 0.025 Loaded shared library C:\Users\Administrator\.jdks\openjdk-25.0.2\bin\nio.dll
Event: 0.030 Loaded shared library C:\Users\Administrator\.jdks\openjdk-25.0.2\bin\zip.dll
Event: 0.054 Loaded shared library C:\Users\Administrator\.jdks\openjdk-25.0.2\bin\jimage.dll
Event: 0.065 Loaded shared library C:\Users\Administrator\AppData\Local\Temp\lwjgl_Administrator\3.4.1+2\x64\lwjgl.dll
Event: 0.129 Loaded shared library C:\Users\Administrator\.jdks\openjdk-25.0.2\bin\verify.dll

Deoptimization events (20 events):
Event: 0.212 Thread 0x0000015994728de0 Uncommon trap: trap_request=0xffffffd6 fr.pc=0x00000159a70020e4 relative=0x00000000000001e4
Event: 0.212 Thread 0x0000015994728de0 Uncommon trap: reason=array_check action=maybe_recompile pc=0x00000159a70020e4 method=java.util.Arrays.fill([Ljava/lang/Object;Ljava/lang/Object;)V @ 13 c2
Event: 0.212 Thread 0x0000015994728de0 DEOPT PACKING pc=0x00000159a70020e4 sp=0x00000017b4ffd730
Event: 0.212 Thread 0x0000015994728de0 DEOPT UNPACKING pc=0x00000159a6990d02 sp=0x00000017b4ffd6c0 mode 2
Event: 0.212 Thread 0x0000015994728de0 Uncommon trap: trap_request=0xffffffd6 fr.pc=0x00000159a70020e4 relative=0x00000000000001e4
Event: 0.212 Thread 0x0000015994728de0 Uncommon trap: reason=array_check action=maybe_recompile pc=0x00000159a70020e4 method=java.util.Arrays.fill([Ljava/lang/Object;Ljava/lang/Object;)V @ 13 c2
Event: 0.212 Thread 0x0000015994728de0 DEOPT PACKING pc=0x00000159a70020e4 sp=0x00000017b4ffdb50
Event: 0.212 Thread 0x0000015994728de0 DEOPT UNPACKING pc=0x00000159a6990d02 sp=0x00000017b4ffdae0 mode 2
Event: 0.212 Thread 0x0000015994728de0 Uncommon trap: trap_request=0xffffffd6 fr.pc=0x00000159a70020e4 relative=0x00000000000001e4
Event: 0.212 Thread 0x0000015994728de0 Uncommon trap: reason=array_check action=maybe_recompile pc=0x00000159a70020e4 method=java.util.Arrays.fill([Ljava/lang/Object;Ljava/lang/Object;)V @ 13 c2
Event: 0.212 Thread 0x0000015994728de0 DEOPT PACKING pc=0x00000159a70020e4 sp=0x00000017b4ffd730
Event: 0.212 Thread 0x0000015994728de0 DEOPT UNPACKING pc=0x00000159a6990d02 sp=0x00000017b4ffd6c0 mode 2
Event: 0.328 Thread 0x0000015994728de0 Uncommon trap: trap_request=0xffffffcc fr.pc=0x00000159a701999c relative=0x000000000000039c
Event: 0.328 Thread 0x0000015994728de0 Uncommon trap: reason=intrinsic_or_type_checked_inlining action=make_not_entrant pc=0x00000159a701999c method=java.util.Arrays.copyOf([Ljava/lang/Object;ILjava/lang/Class;)[Ljava/lang/Object; @ 35 c2
Event: 0.328 Thread 0x0000015994728de0 DEOPT PACKING pc=0x00000159a701999c sp=0x00000017b4ffde90
Event: 0.328 Thread 0x0000015994728de0 DEOPT UNPACKING pc=0x00000159a6990d02 sp=0x00000017b4ffde38 mode 2
Event: 0.329 Thread 0x0000015994728de0 Uncommon trap: trap_request=0xffffff45 fr.pc=0x00000159a70236cc relative=0x0000000000005e0c
Event: 0.329 Thread 0x0000015994728de0 Uncommon trap: reason=unstable_if action=reinterpret pc=0x00000159a70236cc method=jdk.internal.classfile.impl.StackMapGenerator.processBlock(Ljdk/internal/classfile/impl/RawBytecodeHelper;)Z @ 56 c2
Event: 0.329 Thread 0x0000015994728de0 DEOPT PACKING pc=0x00000159a70236cc sp=0x00000017b4ffd290
Event: 0.329 Thread 0x0000015994728de0 DEOPT UNPACKING pc=0x00000159a6990d02 sp=0x00000017b4ffd238 mode 2

Classes loaded (20 events):
Event: 0.226 Loading class jdk/internal/classfile/impl/BlockCodeBuilderImpl
Event: 0.226 Loading class jdk/internal/classfile/impl/NonterminalCodeBuilder
Event: 0.227 Loading class jdk/internal/classfile/impl/NonterminalCodeBuilder done
Event: 0.227 Loading class jdk/internal/classfile/impl/BlockCodeBuilderImpl done
Event: 0.227 Loading class java/lang/classfile/instruction/LoadInstruction
Event: 0.227 Loading class java/lang/classfile/Instruction
Event: 0.227 Loading class java/lang/classfile/Instruction done
Event: 0.227 Loading class java/lang/classfile/instruction/LoadInstruction done
Event: 0.227 Loading class jdk/internal/classfile/impl/AbstractInstruction$UnboundLoadInstruction
Event: 0.227 Loading class jdk/internal/classfile/impl/AbstractInstruction$UnboundInstruction
Event: 0.228 Loading class jdk/internal/classfile/impl/AbstractInstruction
Event: 0.228 Loading class jdk/internal/classfile/impl/AbstractInstruction done
Event: 0.228 Loading class jdk/internal/classfile/impl/AbstractInstruction$UnboundInstruction done
Event: 0.228 Loading class jdk/internal/classfile/impl/AbstractInstruction$UnboundLoadInstruction done
Event: 0.228 Loading class java/lang/classfile/instruction/InvokeInstruction
Event: 0.228 Loading class java/lang/classfile/instruction/InvokeInstruction done
Event: 0.228 Loading class jdk/internal/classfile/impl/AbstractInstruction$UnboundInvokeInstruction
Event: 0.228 Loading class jdk/internal/classfile/impl/AbstractInstruction$UnboundInvokeInstruction done
Event: 0.247 Loading class java/lang/StackTraceElement$HashedModules
Event: 0.247 Loading class java/lang/StackTraceElement$HashedModules done

Classes unloaded (0 events):
No events

Classes redefined (0 events):
No events

Internal exceptions (20 events):
Event: 0.232 Thread 0x0000015994728de0 Exception <a 'java/lang/NoSuchMethodError'{0x000000062b812cc8}: 'int java.lang.invoke.Invokers$Holder.invokeExact_MT(java.lang.Object, java.lang.Object, java.lang.Object)'> (0x000000062b812cc8) 
thrown [s\open\src\hotspot\share\interpreter\linkResolver.cpp, line 804]
Event: 0.242 Thread 0x0000015994728de0 Exception <a 'java/lang/NoSuchMethodError'{0x000000062b8358d8}: 'void java.lang.invoke.DirectMethodHandle$Holder.invokeStaticInit(java.lang.Object, java.lang.Object, java.lang.Object)'> (0x000000062b8358d8) 
thrown [s\open\src\hotspot\share\interpreter\linkResolver.cpp, line 804]
Event: 0.243 Thread 0x0000015994728de0 Exception <a 'java/lang/NoSuchMethodError'{0x000000062b8564e8}: 'void java.lang.invoke.Invokers$Holder.invokeExact_MT(java.lang.Object, java.lang.Object, java.lang.Object)'> (0x000000062b8564e8) 
thrown [s\open\src\hotspot\share\interpreter\linkResolver.cpp, line 804]
Event: 0.243 Thread 0x0000015994728de0 Exception <a 'java/lang/NoSuchMethodError'{0x000000062b85ec80}: 'void java.lang.invoke.DirectMethodHandle$Holder.invokeSpecial(java.lang.Object, java.lang.Object, long)'> (0x000000062b85ec80) 
thrown [s\open\src\hotspot\share\interpreter\linkResolver.cpp, line 804]
Event: 0.243 Thread 0x0000015994728de0 Exception <a 'java/lang/NoSuchMethodError'{0x000000062b8668e0}: 'void java.lang.invoke.Invokers$Holder.invokeExact_MT(java.lang.Object, long, java.lang.Object)'> (0x000000062b8668e0) 
thrown [s\open\src\hotspot\share\interpreter\linkResolver.cpp, line 804]
Event: 0.244 Thread 0x0000015994728de0 Exception <a 'java/lang/NoSuchMethodError'{0x000000062b88a720}: 'void java.lang.invoke.DirectMethodHandle$Holder.invokeStaticInit(java.lang.Object, java.lang.Object, java.lang.Object, int, int)'> (0x000000062b88a720) 
thrown [s\open\src\hotspot\share\interpreter\linkResolver.cpp, line 804]
Event: 0.244 Thread 0x0000015994728de0 Exception <a 'java/lang/NoSuchMethodError'{0x000000062b89ac18}: 'void java.lang.invoke.DelegatingMethodHandle$Holder.reinvoke_L(java.lang.Object, java.lang.Object, java.lang.Object, int, int)'> (0x000000062b89ac18) 
thrown [s\open\src\hotspot\share\interpreter\linkResolver.cpp, line 804]
Event: 0.245 Thread 0x0000015994728de0 Exception <a 'java/lang/NoSuchMethodError'{0x000000062b8bbc48}: 'void java.lang.invoke.DirectMethodHandle$Holder.invokeSpecial(java.lang.Object, java.lang.Object, java.lang.Object, int, int)'> (0x000000062b8bbc48) 
thrown [s\open\src\hotspot\share\interpreter\linkResolver.cpp, line 804]
Event: 0.246 Thread 0x0000015994728de0 Exception <a 'java/lang/NoSuchMethodError'{0x000000062b907470}: 'int java.lang.invoke.DirectMethodHandle$Holder.invokeStatic(java.lang.Object, java.lang.Object, java.lang.Object, long)'> (0x000000062b907470) 
thrown [s\open\src\hotspot\share\interpreter\linkResolver.cpp, line 804]
Event: 0.247 Thread 0x0000015994728de0 Exception <a 'java/lang/NoSuchMethodError'{0x000000062b917658}: 'int java.lang.invoke.DelegatingMethodHandle$Holder.reinvoke_L(java.lang.Object, java.lang.Object, java.lang.Object, long)'> (0x000000062b917658) 
thrown [s\open\src\hotspot\share\interpreter\linkResolver.cpp, line 804]
Event: 0.249 Thread 0x0000015994728de0 Exception <a 'java/lang/NoSuchMethodError'{0x000000062b95c8f8}: 'long java.lang.invoke.DirectMethodHandle$Holder.invokeStaticInit(java.lang.Object, java.lang.Object, java.lang.Object, int, int, long, long, long)'> (0x000000062b95c8f8) 
thrown [s\open\src\hotspot\share\interpreter\linkResolver.cpp, line 804]
Event: 0.249 Thread 0x0000015994728de0 Exception <a 'java/lang/NoSuchMethodError'{0x000000062b96d090}: 'long java.lang.invoke.DelegatingMethodHandle$Holder.reinvoke_L(java.lang.Object, java.lang.Object, java.lang.Object, int, int, long, long, long)'> (0x000000062b96d090) 
thrown [s\open\src\hotspot\share\interpreter\linkResolver.cpp, line 804]
Event: 0.249 Thread 0x0000015994728de0 Exception <a 'java/lang/NoSuchMethodError'{0x000000062b98f190}: 'long java.lang.invoke.DirectMethodHandle$Holder.invokeSpecial(java.lang.Object, java.lang.Object, java.lang.Object, int, int, long, long, long)'> (0x000000062b98f190) 
thrown [s\open\src\hotspot\share\interpreter\linkResolver.cpp, line 804]
Event: 0.329 Thread 0x0000015994728de0 Exception <a 'java/lang/NoSuchMethodError'{0x000000062b9c2f70}: 'void java.lang.invoke.DirectMethodHandle$Holder.invokeStatic(java.lang.Object, java.lang.Object, java.lang.Object, long)'> (0x000000062b9c2f70) 
thrown [s\open\src\hotspot\share\interpreter\linkResolver.cpp, line 804]
Event: 0.329 Thread 0x0000015994728de0 Exception <a 'java/lang/NoSuchMethodError'{0x000000062b9cb098}: 'void java.lang.invoke.DirectMethodHandle$Holder.invokeStaticInit(java.lang.Object, java.lang.Object, java.lang.Object, long)'> (0x000000062b9cb098) 
thrown [s\open\src\hotspot\share\interpreter\linkResolver.cpp, line 804]
Event: 0.329 Thread 0x0000015994728de0 Exception <a 'java/lang/NoSuchMethodError'{0x000000062b9db368}: 'void java.lang.invoke.DelegatingMethodHandle$Holder.reinvoke_L(java.lang.Object, java.lang.Object, java.lang.Object, long)'> (0x000000062b9db368) 
thrown [s\open\src\hotspot\share\interpreter\linkResolver.cpp, line 804]
Event: 0.330 Thread 0x0000015994728de0 Exception <a 'java/lang/NoSuchMethodError'{0x000000062b9fc160}: 'void java.lang.invoke.DirectMethodHandle$Holder.invokeSpecial(java.lang.Object, java.lang.Object, java.lang.Object, long)'> (0x000000062b9fc160) 
thrown [s\open\src\hotspot\share\interpreter\linkResolver.cpp, line 804]
Event: 0.330 Thread 0x0000015994728de0 Exception <a 'java/lang/NoSuchMethodError'{0x000000062ba03e48}: 'void java.lang.invoke.Invokers$Holder.invokeExact_MT(java.lang.Object, java.lang.Object, long, java.lang.Object)'> (0x000000062ba03e48) 
thrown [s\open\src\hotspot\share\interpreter\linkResolver.cpp, line 804]
Event: 0.330 Thread 0x0000015994728de0 Exception <a 'java/lang/NoSuchMethodError'{0x000000062ba0c798}: 'void java.lang.invoke.DirectMethodHandle$Holder.invokeSpecial(java.lang.Object, java.lang.Object, long, long)'> (0x000000062ba0c798) 
thrown [s\open\src\hotspot\share\interpreter\linkResolver.cpp, line 804]
Event: 0.330 Thread 0x0000015994728de0 Exception <a 'java/lang/NoSuchMethodError'{0x000000062ba14400}: 'void java.lang.invoke.Invokers$Holder.invokeExact_MT(java.lang.Object, long, long, java.lang.Object)'> (0x000000062ba14400) 
thrown [s\open\src\hotspot\share\interpreter\linkResolver.cpp, line 804]

VM Operations (12 events):
Event: 0.061 Executing non-safepoint VM operation: HandshakeAllThreads (Deoptimize)
Event: 0.061 Executing non-safepoint VM operation: HandshakeAllThreads (Deoptimize) done
Event: 0.101 Executing non-safepoint VM operation: HandshakeAllThreads (Deoptimize)
Event: 0.101 Executing non-safepoint VM operation: HandshakeAllThreads (Deoptimize) done
Event: 0.133 Executing non-safepoint VM operation: HandshakeAllThreads (Deoptimize)
Event: 0.133 Executing non-safepoint VM operation: HandshakeAllThreads (Deoptimize) done
Event: 0.149 Executing non-safepoint VM operation: HandshakeAllThreads (Deoptimize)
Event: 0.149 Executing non-safepoint VM operation: HandshakeAllThreads (Deoptimize) done
Event: 0.150 Executing non-safepoint VM operation: HandshakeAllThreads (Deoptimize)
Event: 0.150 Executing non-safepoint VM operation: HandshakeAllThreads (Deoptimize) done
Event: 0.227 Executing non-safepoint VM operation: HandshakeAllThreads (Deoptimize)
Event: 0.227 Executing non-safepoint VM operation: HandshakeAllThreads (Deoptimize) done

Memory protections (0 events):
No events

Nmethod flushes (0 events):
No events

Events (18 events):
Event: 0.009 Thread 0x0000015994728de0 Thread added: 0x0000015994728de0
Event: 0.014 Thread 0x0000015994728de0 Thread added: 0x00000159b8a021b0
Event: 0.014 Thread 0x0000015994728de0 Thread added: 0x00000159b8a03980
Event: 0.014 Thread 0x0000015994728de0 Thread added: 0x00000159b8a07700
Event: 0.014 Thread 0x0000015994728de0 Thread added: 0x00000159b8a0a790
Event: 0.014 Thread 0x0000015994728de0 Thread added: 0x00000159b8a09700
Event: 0.014 Thread 0x0000015994728de0 Thread added: 0x00000159b8a0e030
Event: 0.014 Thread 0x0000015994728de0 Thread added: 0x00000159b8a12170
Event: 0.014 Thread 0x0000015994728de0 Thread added: 0x00000159b8a1ac90
Event: 0.021 Thread 0x0000015994728de0 Thread added: 0x00000159bb8c57f0
Event: 0.022 Thread 0x0000015994728de0 Thread added: 0x00000159bb8d61d0
Event: 0.031 Thread 0x00000159b8a1ac90 Thread added: 0x00000159bb8f6c90
Event: 0.032 Thread 0x00000159b8a1ac90 Thread added: 0x00000159bb982e30
Event: 0.099 Thread 0x00000159b8a1ac90 Thread added: 0x00000159c051acb0
Event: 0.181 Thread 0x00000159c051acb0 Thread added: 0x00000159c0609350
Event: 0.207 Thread 0x00000159b8a12170 Thread added: 0x00000159c061e440
Event: 0.207 Thread 0x00000159b8a12170 Thread added: 0x00000159c072a760
Event: 0.207 Thread 0x00000159b8a12170 Thread added: 0x00000159c06d2060


Dynamic libraries:
0x00007ff7a77b0000 - 0x00007ff7a77be000 	C:\Users\Administrator\.jdks\openjdk-25.0.2\bin\java.exe
0x00007ffcfce60000 - 0x00007ffcfd0c9000 	C:\WINDOWS\SYSTEM32\ntdll.dll
0x00007ffcfbbc0000 - 0x00007ffcfbc89000 	C:\WINDOWS\System32\KERNEL32.DLL
0x00007ffcfa270000 - 0x00007ffcfa663000 	C:\WINDOWS\System32\KERNELBASE.dll
0x00007ffcf9ff0000 - 0x00007ffcfa13b000 	C:\WINDOWS\System32\ucrtbase.dll
0x00007ffce7cd0000 - 0x00007ffce7ce7000 	C:\Users\Administrator\.jdks\openjdk-25.0.2\bin\jli.dll
0x00007ffce7a90000 - 0x00007ffce7aae000 	C:\Users\Administrator\.jdks\openjdk-25.0.2\bin\VCRUNTIME140.dll
0x00007ffcfc250000 - 0x00007ffcfc414000 	C:\WINDOWS\System32\USER32.dll
0x00007ffceba10000 - 0x00007ffcebca3000 	C:\WINDOWS\WinSxS\amd64_microsoft.windows.common-controls_6595b64144ccf1df_6.0.26100.5074_none_3e0d6f78e32fd63f\COMCTL32.dll
0x00007ffcfa7f0000 - 0x00007ffcfa817000 	C:\WINDOWS\System32\win32u.dll
0x00007ffcfb880000 - 0x00007ffcfb929000 	C:\WINDOWS\System32\msvcrt.dll
0x00007ffcfb6e0000 - 0x00007ffcfb70b000 	C:\WINDOWS\System32\GDI32.dll
0x00007ffcfa140000 - 0x00007ffcfa26d000 	C:\WINDOWS\System32\gdi32full.dll
0x00007ffcfa820000 - 0x00007ffcfa8c3000 	C:\WINDOWS\System32\msvcp_win.dll
0x00007ffcfb710000 - 0x00007ffcfb73f000 	C:\WINDOWS\System32\IMM32.DLL
0x00007ffce7d60000 - 0x00007ffce7d6c000 	C:\Users\Administrator\.jdks\openjdk-25.0.2\bin\vcruntime140_1.dll
0x00007ffcb02b0000 - 0x00007ffcb033d000 	C:\Users\Administrator\.jdks\openjdk-25.0.2\bin\msvcp140.dll
0x00007ffc6a180000 - 0x00007ffc6afdf000 	C:\Users\Administrator\.jdks\openjdk-25.0.2\bin\server\jvm.dll
0x00007ffcfac30000 - 0x00007ffcface4000 	C:\WINDOWS\System32\ADVAPI32.dll
0x00007ffcfbd10000 - 0x00007ffcfbdb6000 	C:\WINDOWS\System32\sechost.dll
0x00007ffcfc420000 - 0x00007ffcfc538000 	C:\WINDOWS\System32\RPCRT4.dll
0x00007ffcfb800000 - 0x00007ffcfb874000 	C:\WINDOWS\System32\WS2_32.dll
0x00007ffcf9870000 - 0x00007ffcf98ce000 	C:\WINDOWS\SYSTEM32\POWRPROF.dll
0x00007ffcf2670000 - 0x00007ffcf26a5000 	C:\WINDOWS\SYSTEM32\WINMM.dll
0x00007ffcf26b0000 - 0x00007ffcf26bb000 	C:\WINDOWS\SYSTEM32\VERSION.dll
0x00007ffcf9850000 - 0x00007ffcf9864000 	C:\WINDOWS\SYSTEM32\UMPDC.dll
0x00007ffcf8d90000 - 0x00007ffcf8dab000 	C:\WINDOWS\SYSTEM32\kernel.appcore.dll
0x00007ffce7b40000 - 0x00007ffce7b4a000 	C:\Users\Administrator\.jdks\openjdk-25.0.2\bin\jimage.dll
0x00007ffcf31c0000 - 0x00007ffcf3402000 	C:\WINDOWS\SYSTEM32\DBGHELP.DLL
0x00007ffcfbdc0000 - 0x00007ffcfc13b000 	C:\WINDOWS\System32\combase.dll
0x00007ffcfc570000 - 0x00007ffcfc647000 	C:\WINDOWS\System32\OLEAUT32.dll
0x00007ffcf7140000 - 0x00007ffcf717d000 	C:\WINDOWS\SYSTEM32\dbgcore.DLL
0x00007ffcfab90000 - 0x00007ffcfac29000 	C:\WINDOWS\System32\bcryptPrimitives.dll
0x00007ffce3260000 - 0x00007ffce327f000 	C:\Users\Administrator\.jdks\openjdk-25.0.2\bin\java.dll
0x00007ffcfae60000 - 0x00007ffcfaff8000 	C:\WINDOWS\System32\ole32.dll
0x00007ffcfc650000 - 0x00007ffcfcd9d000 	C:\WINDOWS\System32\SHELL32.dll
0x00007ffcfa8d0000 - 0x00007ffcfaa3c000 	C:\WINDOWS\System32\wintypes.dll
0x00007ffcf7c30000 - 0x00007ffcf8489000 	C:\WINDOWS\SYSTEM32\windows.storage.dll
0x00007ffcfb930000 - 0x00007ffcfba20000 	C:\WINDOWS\System32\SHCORE.dll
0x00007ffcfb000000 - 0x00007ffcfb062000 	C:\WINDOWS\System32\shlwapi.dll
0x00007ffcf9f10000 - 0x00007ffcf9f39000 	C:\WINDOWS\SYSTEM32\profapi.dll
0x00007ffcdf860000 - 0x00007ffcdf872000 	C:\Users\Administrator\.jdks\openjdk-25.0.2\bin\net.dll
0x00007ffcf92f0000 - 0x00007ffcf935b000 	C:\WINDOWS\system32\mswsock.dll
0x00007ffcdc6c0000 - 0x00007ffcdc6d6000 	C:\Users\Administrator\.jdks\openjdk-25.0.2\bin\nio.dll
0x00007ffcdffe0000 - 0x00007ffcdfff7000 	C:\Users\Administrator\.jdks\openjdk-25.0.2\bin\zip.dll
0x00007ffc987e0000 - 0x00007ffc98864000 	C:\Users\Administrator\AppData\Local\Temp\lwjgl_Administrator\3.4.1+2\x64\lwjgl.dll
0x00007ffce5150000 - 0x00007ffce5160000 	C:\Users\Administrator\.jdks\openjdk-25.0.2\bin\verify.dll
0x00007ffc93a00000 - 0x00007ffc93a8a000 	C:\Users\ADMINI~1\AppData\Local\Temp\lwjgl_Administrator\3.4.1+2\x64\glfw.dll
0x00007ffca21b0000 - 0x00007ffca21fb000 	C:\WINDOWS\SYSTEM32\dinput8.dll
0x00007ffcdb710000 - 0x00007ffcdb722000 	C:\WINDOWS\SYSTEM32\xinput1_4.dll
0x00007ffcf9ca0000 - 0x00007ffcf9cf7000 	C:\WINDOWS\SYSTEM32\cfgmgr32.dll
0x00007ffcf9c70000 - 0x00007ffcf9c9d000 	C:\WINDOWS\SYSTEM32\DEVOBJ.dll
0x00007ffcf75b0000 - 0x00007ffcf75db000 	C:\WINDOWS\SYSTEM32\dwmapi.dll
0x00007ffce87d0000 - 0x00007ffce89aa000 	C:\WINDOWS\SYSTEM32\inputhost.dll
0x00007ffcf6e50000 - 0x00007ffcf6f75000 	C:\WINDOWS\SYSTEM32\CoreMessaging.dll
0x00007ffcf7320000 - 0x00007ffcf73c8000 	C:\WINDOWS\system32\uxtheme.dll
0x00007ffcf9520000 - 0x00007ffcf952c000 	C:\WINDOWS\SYSTEM32\CRYPTBASE.DLL
0x00007ffcfba50000 - 0x00007ffcfbba8000 	C:\WINDOWS\System32\MSCTF.dll
0x00007ffcad7a0000 - 0x00007ffcad8ac000 	C:\WINDOWS\SYSTEM32\opengl32.dll
0x00007ffcb8c70000 - 0x00007ffcb8c9d000 	C:\WINDOWS\SYSTEM32\GLU32.dll
0x00007ffcf7400000 - 0x00007ffcf7444000 	C:\WINDOWS\SYSTEM32\dxcore.dll
0x00007ffced150000 - 0x00007ffced16a000 	C:\WINDOWS\SYSTEM32\windows.staterepositorycore.dll
0x00007ffcad530000 - 0x00007ffcad55e000 	C:\WINDOWS\System32\DriverStore\FileRepository\u0396538.inf_amd64_5079b158caf50d08\B395672\atig6pxx.dll
0x00007ffc871f0000 - 0x00007ffc8b6cf000 	C:\WINDOWS\System32\DriverStore\FileRepository\u0396538.inf_amd64_5079b158caf50d08\B395672\atio6axx.dll
0x00007ffcfb250000 - 0x00007ffcfb6d7000 	C:\WINDOWS\System32\SETUPAPI.dll
0x00007ffcf0110000 - 0x00007ffcf0145000 	C:\WINDOWS\SYSTEM32\amdihk64.dll
0x00007ffcfab00000 - 0x00007ffcfab7e000 	C:\WINDOWS\System32\WINTRUST.dll
0x00007ffcfa670000 - 0x00007ffcfa7e7000 	C:\WINDOWS\System32\CRYPT32.dll
0x00007ffcf9720000 - 0x00007ffcf9733000 	C:\WINDOWS\SYSTEM32\MSASN1.dll
0x00007ffcf9ee0000 - 0x00007ffcf9f06000 	C:\WINDOWS\SYSTEM32\BCrypt.dll
0x00007ffce72a0000 - 0x00007ffce73e9000 	C:\WINDOWS\SYSTEM32\textinputframework.dll
0x00007ffcf2bd0000 - 0x00007ffcf2eb3000 	C:\WINDOWS\SYSTEM32\CoreUIComponents.dll

JVMTI agents: none

dbghelp: loaded successfully - version: 4.0.5 - missing functions: none
symbol engine: initialized successfully - sym options: 0x614 - pdb path: .;C:\Users\Administrator\.jdks\openjdk-25.0.2\bin;C:\WINDOWS\SYSTEM32;C:\WINDOWS\WinSxS\amd64_microsoft.windows.common-controls_6595b64144ccf1df_6.0.26100.5074_none_3e0d6f78e32fd63f;C:\Users\Administrator\.jdks\openjdk-25.0.2\bin\server;C:\Users\Administrator\AppData\Local\Temp\lwjgl_Administrator\3.4.1+2\x64;C:\Users\ADMINI~1\AppData\Local\Temp\lwjgl_Administrator\3.4.1+2\x64;C:\WINDOWS\System32\DriverStore\FileRepository\u0396538.inf_amd64_5079b158caf50d08\B395672

VM Arguments:
jvm_args: -Dfile.encoding=UTF-8 -Duser.country=US -Duser.language=en -Duser.variant 
java_command: Main
java_class_path (initial): C:\Users\Administrator\Desktop\Chroma\build\classes\java\main;C:\Users\Administrator\Desktop\Chroma\build\resources\main;C:\Users\Administrator\.gradle\caches\modules-2\files-2.1\org.lwjgl\lwjgl-assimp\3.4.1\e37483d7fafa5c797e1c95b8a06c5d595bcd7b40\lwjgl-assimp-3.4.1.jar;C:\Users\Administrator\.gradle\caches\modules-2\files-2.1\org.lwjgl\lwjgl-assimp\3.4.1\777f2092426f7ebc4a00e17a7b6fdf15b948bd91\lwjgl-assimp-3.4.1-natives-windows.jar;C:\Users\Administrator\.gradle\caches\modules-2\files-2.1\org.lwjgl\lwjgl-glfw\3.4.1\a782b1ddd175c9107bf300fd92920579ea65e2a4\lwjgl-glfw-3.4.1.jar;C:\Users\Administrator\.gradle\caches\modules-2\files-2.1\org.lwjgl\lwjgl-glfw\3.4.1\2eb4aa895ea190ba8cf4356f8cea24d3ebb40ea1\lwjgl-glfw-3.4.1-natives-windows.jar;C:\Users\Administrator\.gradle\caches\modules-2\files-2.1\org.lwjgl\lwjgl-openal\3.4.1\8508bd60589de0539aa465b78fcf838efd07ae9a\lwjgl-openal-3.4.1.jar;C:\Users\Administrator\.gradle\caches\modules-2\files-2.1\org.lwjgl\lwjgl-openal\3.4.1\8e83fdfdf65c80c9877c6fb6cb645d239ed7638\lwjgl-openal-3.4.1-natives-windows.jar;C:\Users\Administrator\.gradle\caches\modules-2\files-2.1\org.lwjgl\lwjgl-opengl\3.4.1\830412cab823c029cda6b9729f9d2ed36cf79959\lwjgl-opengl-3.4.1.jar;C:\Users\Administrator\.gradle\caches\modules-2\files-2.1\org.lwjgl\lwjgl-opengl\3.4.1\617f37ef4e2ffb727bd5e74333e8073ef43ca1ec\lwjgl-opengl-3.4.1-natives-windows.jar;C:\Users\Administrator\.gradle\caches\modules-2\files-2.1\org.lwjgl\lwjgl-stb\3.4.1\f077c3dafc31924fbe8acb0b913f08977ba27f8e\lwjgl-stb-3.4.1.jar;C:\Users\Administrator\.gradle\caches\modules-2\files-2.1\org.lwjgl\lwjgl-stb\3.4.1\b4e13ece83c228ecf57354639d8555076a989d74\lwjgl-stb-3.4.1-natives-windows.jar;C:\Users\Administrator\.gradle\caches\modules-2\files-2.1\org.lwjgl\lwjgl\3.4.1\6105690714874b995aa7812e4f7732a21109276c\lwjgl-3.4.1.jar;C:\Users\Administrator\.gradle\caches\modules-2\files-2.1\org.lwjgl\lwjgl\3.4.1\96a217f0428ab73487f114a54179a4f41e851a04\lwjgl-3.4.1-natives-windows.jar;C:\Users\Administrator\.gradle\caches\modules-2\files-2.1\org.joml\joml\1.10.8\fc0a71dad90a2cf41d82a76156a0e700af8e4f8d\joml-1.10.8.jar;C:\Users\Administrator\.gradle\caches\modules-2\files-2.1\org.jetbrains.kotlin\kotlin-stdlib-jdk8\1.8.20\73576ddf378c5b4f1f6b449fe6b119b8183fc078\kotlin-stdlib-jdk8-1.8.20.jar;C:\Users\Administrator\.gradle\caches\modules-2\files-2.1\org.jetbrains.kotlin\kotlin-stdlib-jdk7\1.8.20\3aa51faf20aae8b31e1a4bc54f8370673d7b7df4\kotlin-stdlib-jdk7-1.8.20.jar;C:\Users\Administrator\.gradle\caches\modules-2\files-2.1\org.jetbrains.kotlin\kotlin-stdlib\1.8.20\e72fc5e03ec6c064c678a6bd0d955c88d55b0c4a\kotlin-stdlib-1.8.20.jar;C:\Users\Administrator\.gradle\caches\modules-2\files-2.1\org.jetbrains.kotlin\kotlin-stdlib-common\1.8.20\5eddaaf234c8c49d03eebeb6a14feb7f90faca71\kotlin-stdlib-common-1.8.20.jar;C:\Users\Administrator\.gradle\caches\modules-2\files-2.1\org.jetbrains\annotations\13.0\919f0dfe192fb4e063e7dacadee7f8bb9a2672a9\annotations-13.0.jar
Launcher Type: SUN_STANDARD

[Global flags]
     intx CICompilerCount                          = 12                                        {product} {ergonomic}
     uint ConcGCThreads                            = 3                                         {product} {ergonomic}
     uint G1ConcRefinementThreads                  = 13                                        {product} {ergonomic}
   size_t G1HeapRegionSize                         = 4194304                                   {product} {ergonomic}
   size_t InitialHeapSize                          = 524288000                                 {product} {ergonomic}
   size_t MarkStackSize                            = 4194304                                   {product} {ergonomic}
   size_t MarkStackSizeMax                         = 536870912                                 {product} {ergonomic}
   size_t MaxHeapSize                              = 8355053568                                {product} {ergonomic}
   size_t MaxNewSize                               = 5012193280                                {product} {ergonomic}
   size_t MinHeapDeltaBytes                        = 4194304                                   {product} {ergonomic}
   size_t MinHeapSize                              = 8388608                                   {product} {ergonomic}
    uintx NonNMethodCodeHeapSize                   = 7602176                                {pd product} {ergonomic}
    uintx NonProfiledCodeHeapSize                  = 122093568                              {pd product} {ergonomic}
    uintx ProfiledCodeHeapSize                     = 121962496                              {pd product} {ergonomic}
    uintx ReservedCodeCacheSize                    = 251658240                              {pd product} {ergonomic}
     bool SegmentedCodeCache                       = true                                      {product} {ergonomic}
   size_t SoftMaxHeapSize                          = 8355053568                             {manageable} {ergonomic}
     bool UseCompressedOops                        = true                           {product lp64_product} {ergonomic}
     bool UseG1GC                                  = true                                      {product} {ergonomic}
     bool UseLargePagesIndividualAllocation        = false                                  {pd product} {ergonomic}

Logging:
Log output configuration:
 #0: stdout all=warning uptime,level,tags foldmultilines=false
 #1: stderr all=off uptime,level,tags foldmultilines=false

Release file:
IMPLEMENTOR="Oracle Corporation" 
JAVA_RUNTIME_VERSION="25.0.2+10-69" 
JAVA_VERSION="25.0.2" 
JAVA_VERSION_DATE="2026-01-20" 
LIBC="default" 
MODULES="java.base java.compiler java.datatransfer java.xml java.prefs java.desktop java.instrument java.logging java.management java.security.sasl java.naming java.rmi java.management.rmi java.net.http java.scripting java.security.jgss java.transaction.xa java.sql java.sql.rowset java.xml.crypto java.se java.smartcardio jdk.accessibility jdk.internal.jvmstat jdk.attach jdk.charsets jdk.internal.opt jdk.zipfs jdk.compiler jdk.crypto.cryptoki jdk.crypto.ec jdk.crypto.mscapi jdk.dynalink jdk.internal.ed jdk.editpad jdk.internal.vm.ci jdk.graal.compiler jdk.graal.compiler.management jdk.hotspot.agent jdk.httpserver jdk.incubator.vector jdk.internal.le jdk.internal.md jdk.jartool jdk.javadoc jdk.jcmd jdk.management jdk.management.agent jdk.jconsole jdk.jdeps jdk.jdwp.agent jdk.jdi jdk.jfr jdk.jlink jdk.jpackage jdk.jshell jdk.jsobject jdk.jstatd jdk.localedata jdk.management.jfr jdk.naming.dns jdk.naming.rmi jdk.net jdk.nio.mapmode jdk.sctp jdk.security.auth jdk.security.jgss jdk.unsupported jdk.unsupported.desktop jdk.xml.dom" 
OS_ARCH="x86_64" 
OS_NAME="Windows" 
SOURCE=".:git:405a5699ebd0" 

Environment Variables:
PATH=C:\Program Files\dotnet\;C:\Program Files (x86)\Windows Kits\10\Windows Performance Toolkit\;C:\Program Files\Common Files\Oracle\Java\javapath;C:\Program Files (x86)\Razer\ChromaBroadcast\bin;C:\Program Files\Razer\ChromaBroadcast\bin;C:\Program Files (x86)\Common Files\Oracle\Java\java8path;C:\Program Files (x86)\Common Files\Oracle\Java\javapath;C:\WINDOWS\system32;C:\WINDOWS;C:\WINDOWS\System32\Wbem;C:\WINDOWS\System32\WindowsPowerShell\v1.0\;C:\WINDOWS\System32\OpenSSH\;D:\Programms\Git\cmd;C:\Program Files\nodejs\;C:\ProgramData\chocolatey\bin;C:\WINDOWS\system32\config\systemprofile\AppData\Local\Microsoft\WindowsApps;C:\Program Files\Microsoft SQL Server\150\Tools\Binn\;C:\Program Files\Microsoft SQL Server\170\Tools\Binn\;;C:\Program Files\Docker\Docker\resources\bin;C:\Users\Administrator\.dotnet\tools;D:\Programms\IntelliJ IDEA 2025.3.2\bin;C:\Users\Administrator\scoop\shims;C:\Users\Administrator\AppData\Local\Programs\Python\Python312\Scripts\;C:\Users\Administrator\AppData\Local\Programs\Python\Python312\;C:\Users\Administrator\.cargo\bin;C:\Users\Administrator\AppData\Local\Microsoft\WindowsApps;D:\Programms\Microsoft VS Code\bin;C:\Users\Administrator\AppData\Roaming\npm;C:\Users\Administrator\AppData\Local\Programs\cursor\resources\app\bin;C:\Users\Administrator\AppData\Local\PowerToys\DSCModules\
USERNAME=Administrator
OS=Windows_NT
PROCESSOR_IDENTIFIER=AMD64 Family 25 Model 97 Stepping 2, AuthenticAMD
TMP=C:\Users\ADMINI~1\AppData\Local\Temp
TEMP=C:\Users\ADMINI~1\AppData\Local\Temp




Compilation memory statistics disabled.

Periodic native trim disabled

---------------  S Y S T E M  ---------------

OS:
 Windows 11 , 64 bit Build 26100 (10.0.26100.5074)
OS uptime: 10 days 3:31 hours
Hyper-V role detected

CPU: total 16 (initial active 16) (16 cores per cpu, 2 threads per core) family 25 model 97 stepping 2 microcode 0xa60120c, cx8, cmov, fxsr, ht, mmx, 3dnowpref, sse, sse2, sse3, ssse3, sse4a, sse4.1, sse4.2, popcnt, lzcnt, tsc, tscinvbit, avx, avx2, aes, erms, clmul, bmi1, bmi2, adx, avx512f, avx512dq, avx512cd, avx512bw, avx512vl, sha, fma, vzeroupper, avx512_vpopcntdq, avx512_vpclmulqdq, avx512_vaes, avx512_vnni, clflush, clflushopt, clwb, avx512_vbmi2, avx512_vbmi, hv, rdtscp, rdpid, fsrm, gfni, avx512_bitalg, f16c, cet_ss, avx512_ifma
Processor Information for the first 16 processors :
  Max Mhz: 4201, Current Mhz: 4201, Mhz Limit: 4201

Memory: 4k page, system-wide physical 31861M (16319M free)
TotalPageFile size 37493M (AvailPageFile size 18849M)
current process WorkingSet (physical memory assigned to process): 143M, peak: 143M
current process commit charge ("private bytes"): 686M, peak: 686M

vm_info: OpenJDK 64-Bit Server VM (25.0.2+10-69) for windows-amd64 JRE (25.0.2+10-69), built on 2025-12-18T11:36:35Z with MS VC++ 17.13 (VS2022)

END.
