#
# A fatal error has been detected by the Java Runtime Environment:
#
#  EXCEPTION_ACCESS_VIOLATION (0xc0000005) at pc=0x00007ffc93a01e15, pid=91196, tid=9136
#
# JRE version: OpenJDK Runtime Environment (25.0.2+10) (build 25.0.2+10-69)
# Java VM: OpenJDK 64-Bit Server VM (25.0.2+10-69, mixed mode, sharing, tiered, compressed oops, compressed class ptrs, g1 gc, windows-amd64)
# Problematic frame:
# C  [glfw.dll+0x1e15]
#
# No core dump will be written. Minidumps are not enabled by default on client versions of Windows
#
# If you would like to submit a bug report, please visit:
#   https://bugreport.java.com/bugreport/crash.jsp
# The crash happened outside the Java Virtual Machine in native code.
# See problematic frame for where to report the bug.
#

---------------  S U M M A R Y ------------

Command Line: -Dfile.encoding=UTF-8 -Duser.country=US -Duser.language=en -Duser.variant Main

Host: AMD Ryzen 7 7800X3D 8-Core Processor           , 16 cores, 31G,  Windows 11 , 64 bit Build 26100 (10.0.26100.5074)
Time: Tue May  5 17:39:27 2026 Eastern Daylight Time elapsed time: 0.316999 seconds (0d 0h 0m 0s)

---------------  T H R E A D  ---------------

Current thread (0x0000018ff02845d0):  JavaThread "main"             [_thread_in_native, id=9136, stack(0x000000387a800000,0x000000387a900000) (1024K)]

Stack: [0x000000387a800000,0x000000387a900000],  sp=0x000000387a8feed8,  free space=1019k
Native frames: (J=compiled Java code, j=interpreted, Vv=VM code, C=native code)
C  [glfw.dll+0x1e15]  (no source info available)

Java frames: (J=compiled Java code, j=interpreted, Vv=VM code)
v  ~RuntimeStub::nep_invoker_blob 0x0000018f876de168
j  java.lang.invoke.LambdaForm$MH+0x000000002f0dfc00.invoke(Ljava/lang/Object;JJ)V+10 java.base@25.0.2
j  java.lang.invoke.LambdaForm$MH+0x000000002f0e2c00.invokeExact_MT(Ljava/lang/Object;JJLjava/lang/Object;)V+21 java.base@25.0.2
j  jdk.internal.foreign.abi.DowncallStub+0x000000002f0e0000.invoke(Ljava/lang/foreign/SegmentAllocator;Ljava/lang/foreign/MemorySegment;J)V+46 java.base@25.0.2
j  java.lang.invoke.LambdaForm$DMH+0x000000002f0e0400.invokeStatic(Ljava/lang/Object;Ljava/lang/Object;Ljava/lang/Object;J)V+14 java.base@25.0.2
j  java.lang.invoke.LambdaForm$MH+0x000000002f0e1c00.invoke(Ljava/lang/Object;Ljava/lang/Object;J)V+41 java.base@25.0.2
j  java.lang.invoke.LambdaForm$MH+0x000000002f0e2400.invokeExact_MT(Ljava/lang/Object;Ljava/lang/Object;JLjava/lang/Object;)V+21 java.base@25.0.2
j  org.lwjgl.system.JNIBindingsImpl+0x000000002f0c8000.invokePV(Ljava/lang/foreign/MemorySegment;J)V+5
j  org.lwjgl.system.JNI.invokePV(JJ)V+8
j  org.lwjgl.glfw.GLFW.glfwSwapBuffers(J)V+17
j  engine.Window.init()V+95
j  engine.Window.run()V+16
j  Main.main([Ljava/lang/String;)V+5
v  ~StubRoutines::call_stub 0x0000018f874512ed

siginfo: EXCEPTION_ACCESS_VIOLATION (0xc0000005), reading address 0x0000000000000219


Registers:
RAX=0x0000018f983076a8, RBX=0x0000018f983076a8, RCX=0x0000000000000001, RDX=0x00007ffc93a01e00
RSP=0x000000387a8feed8, RBP=0x000000387a8fef00, RSI=0x0000000000000002, RDI=0x0000000000000211
R8 =0x0000000000000001, R9 =0x000000062b9d4dc0, R10=0x00007ffc93a01e00, R11=0x0000018f87c13880
R12=0x0000000000000000, R13=0x000000387a8fef10, R14=0x000000387a8fefb8, R15=0x0000018ff02845d0
RIP=0x00007ffc93a01e15, EFLAGS=0x0000000000010202

XMM[0]=0x3b3b3b3b3b3b3b3b 0x3b3b3b3b3b3b3b3b
XMM[1]=0x6b6f766e692f676e 0x616c2f6176616a4c
XMM[2]=0x3b656d614e726562 0x6d654d2f656b6f76
XMM[3]=0x00007ffc873a2e50 0x00007ffc873a2e20
XMM[4]=0x00007ffc873a2eb0 0x00007ffc873a2e80
XMM[5]=0x0000000000000000 0x0000000000000000
XMM[6]=0x0000000000000000 0xe14fd9ee7c97227f
XMM[7]=0x0000000000000000 0x7390eba547f7bc35
XMM[8]=0x0000000000000000 0xe0c0aa4893f5871c
XMM[9]=0x0000000000000000 0xf8e2f4cefaeb1564
XMM[10]=0x0000000000000000 0x0000000002082096
XMM[11]=0x0000000000000000 0x2079760f1b648b73
XMM[12]=0x0000000000000000 0x00000000faeb1564
XMM[13]=0x0000000000000000 0x0000000000000000
XMM[14]=0x0000000000000000 0x0000000000000000
XMM[15]=0x0000000000000000 0x0000000000000000
  MXCSR=0x00001fa0


Register to memory mapping:

RAX={method} {0x0000018f983076b0} 'linkToNative' '(JJLjava/lang/Object;)V' in 'java/lang/invoke/MethodHandle'
RBX={method} {0x0000018f983076b0} 'linkToNative' '(JJLjava/lang/Object;)V' in 'java/lang/invoke/MethodHandle'
RCX=0x0000000000000001 is an unknown value
RDX=0x00007ffc93a01e00 glfw.dll
RSP=0x000000387a8feed8 is pointing into the stack for thread: 0x0000018ff02845d0
RBP=0x000000387a8fef00 is pointing into the stack for thread: 0x0000018ff02845d0
RSI=0x0000000000000002 is an unknown value
RDI=0x0000000000000211 is an unknown value
R8 =0x0000000000000001 is an unknown value
R9 =0x000000062b9d4dc0 is an oop: jdk.internal.foreign.abi.NativeEntryPoint 
{0x000000062b9d4dc0} - klass: 'jdk/internal/foreign/abi/NativeEntryPoint' - flags: 

 - ---- fields (total size 3 words):
 - private final 'methodType' 'Ljava/lang/invoke/MethodType;' @12  a 'java/lang/invoke/MethodType'{0x000000062ced2d08} = (JJ)V (0xc59da5a1)
 - private final 'downcallStubAddress' 'J' @16  1715964076384 (0x0000018f876de160)
R10=0x00007ffc93a01e00 glfw.dll
R11=0x0000018f87c13880 is at entry_point+0 in (nmethod*)0x0000018f87c13788
Compiled method (n/a) 349 1641     n 0       java.lang.invoke.MethodHandle::linkToNative(JJL)V (native)
 total in heap  [0x0000018f87c13788,0x0000018f87c13888] = 256
 main code      [0x0000018f87c13880,0x0000018f87c13887] = 7
 stub code      [0x0000018f87c13887,0x0000018f87c13888] = 1
R12=0x0 is null
R13=0x000000387a8fef10 is pointing into the stack for thread: 0x0000018ff02845d0
R14=0x000000387a8fefb8 is pointing into the stack for thread: 0x0000018ff02845d0
R15=0x0000018ff02845d0 is a thread

Top of Stack: (sp=0x000000387a8feed8)
0x000000387a8feed8:   0000018f876de19e 0000018f9817af98   ..m.............
0x000000387a8feee8:   0000000000000002 0000018f982f25d0   .........%/.....
0x000000387a8feef8:   0000000000000000 000000387a8fef80   ...........z8...
0x000000387a8fef08:   0000018f87458b18 000000062b9d4dc0   ..E......M.+....
0x000000387a8fef18:   0000000000000001 0000000000000000   ................
0x000000387a8fef28:   00007ffc93a01e00 0000000000000000   ................
0x000000387a8fef38:   fffffffffffffff7 0000018f98671252   ........R.g.....
0x000000387a8fef48:   0000000000000007 0000018f986713f8   ..........g.....
0x000000387a8fef58:   0000000000000000 000000062b9dc798   ...........+....
0x000000387a8fef68:   0000018f98671260 fffffffffffffff2   `.g.............
0x000000387a8fef78:   000000387a8fef98 000000387a8ff008   ...z8......z8...
0x000000387a8fef88:   0000018f87458b18 000000062b9d4dc0   ..E......M.+....
0x000000387a8fef98:   0000000000000001 0000000000000000   ................
0x000000387a8fefa8:   00007ffc93a01e00 0000000000000000   ................
0x000000387a8fefb8:   000000062b9dc8c8 fffffffffffffff7   ...+............
0x000000387a8fefc8:   0000018f9867729d 0000000000000007   .rg.............
0x000000387a8fefd8:   0000018f98677460 0000000000000000   `tg.............
0x000000387a8fefe8:   000000062ba3f8c8 0000018f986772b0   ...+.....rg.....
0x000000387a8feff8:   fffffffffffffff2 000000387a8ff018   ...........z8...
0x000000387a8ff008:   000000387a8ff090 0000018f87458b18   ...z8.....E.....
0x000000387a8ff018:   000000062ced2d08 0000000000000001   .-.,............
0x000000387a8ff028:   0000000000000000 00007ffc93a01e00   ................
0x000000387a8ff038:   0000000000000000 000000062b9dc8c8   ...........+....
0x000000387a8ff048:   fffffffffffffff7 0000018f98671b9e   ..........g.....
0x000000387a8ff058:   000000000000000b 0000018f98671d98   ..........g.....
0x000000387a8ff068:   0000000000000000 000000062b9e6200   .........b.+....
0x000000387a8ff078:   0000018f98671be0 fffffffffffffff1   ..g.............
0x000000387a8ff088:   000000387a8ff0c8 000000387a8ff138   ...z8...8..z8...
0x000000387a8ff098:   0000018f87458b18 000000062cbb7218   ..E......r.,....
0x000000387a8ff0a8:   000000062c80fb30 0000000000000001   0..,............
0x000000387a8ff0b8:   0000000000000000 00007ffc93a01e00   ................
0x000000387a8ff0c8:   0000000000000000 0000000000000001   ................

Instructions: (pc=0x00007ffc93a01e15)
  0x00007ffc93a01d15:   c3 48 8d 0d 3f f6 07 00 e8 4e a4 00 00 48 85 c0
  0x00007ffc93a01d25:   75 19 48 8d 15 12 0f 03 00 b9 02 00 01 00 e8 d8
  0x00007ffc93a01d35:   01 00 00 33 c0 48 83 c4 20 5b c3 48 8b 80 80 02
  0x00007ffc93a01d45:   00 00 48 8b cb 48 83 c4 20 5b 48 ff e0 cc cc cc
  0x00007ffc93a01d55:   cc cc cc cc cc cc cc cc cc cc cc 40 53 48 83 ec
  0x00007ffc93a01d65:   20 83 3d 23 dc 07 00 00 48 8b d9 75 11 33 d2 b9
  0x00007ffc93a01d75:   01 00 01 00 48 83 c4 20 5b e9 8d 01 00 00 48 8d
  0x00007ffc93a01d85:   0d d2 f5 07 00 e8 e1 a3 00 00 48 8b c8 48 85 db
  0x00007ffc93a01d95:   74 1f 83 bb 18 02 00 00 00 75 16 48 8d 15 09 0d
  0x00007ffc93a01da5:   03 00 b9 0a 00 01 00 48 83 c4 20 5b e9 5a 01 00
  0x00007ffc93a01db5:   00 48 85 c9 74 1e 48 85 db 74 0e 8b 80 1c 02 00
  0x00007ffc93a01dc5:   00 39 83 1c 02 00 00 74 10 48 8b 81 60 02 00 00
  0x00007ffc93a01dd5:   33 c9 ff d0 48 85 db 74 12 48 8b 83 60 02 00 00
  0x00007ffc93a01de5:   48 8b cb 48 83 c4 20 5b 48 ff e0 48 83 c4 20 5b
  0x00007ffc93a01df5:   c3 cc cc cc cc cc cc cc cc cc cc 83 3d 89 db 07
  0x00007ffc93a01e05:   00 00 75 0c 33 d2 b9 01 00 01 00 e9 fb 00 00 00
=>0x00007ffc93a01e15:   83 b9 18 02 00 00 00 75 11 48 8d 15 db 0c 03 00
  0x00007ffc93a01e25:   b9 0a 00 01 00 e9 e1 00 00 00 48 8b 81 68 02 00
  0x00007ffc93a01e35:   00 48 ff e0 cc cc cc cc cc cc cc 40 53 48 83 ec
  0x00007ffc93a01e45:   20 83 3d 43 db 07 00 00 8b d9 75 11 33 d2 b9 01
  0x00007ffc93a01e55:   00 01 00 48 83 c4 20 5b e9 ae 00 00 00 48 8d 0d
  0x00007ffc93a01e65:   f3 f4 07 00 e8 02 a3 00 00 48 85 c0 75 16 48 8d
  0x00007ffc93a01e75:   15 d6 0c 03 00 b9 02 00 01 00 48 83 c4 20 5b e9
  0x00007ffc93a01e85:   87 00 00 00 48 8b 80 70 02 00 00 8b cb 48 83 c4
  0x00007ffc93a01e95:   20 5b 48 ff e0 cc cc cc cc cc cc 48 89 54 24 10
  0x00007ffc93a01ea5:   4c 89 44 24 18 4c 89 4c 24 20 53 56 57 48 83 ec
  0x00007ffc93a01eb5:   30 48 8b fa 48 8d 74 24 60 48 8b d9 e8 3a f1 ff
  0x00007ffc93a01ec5:   ff 48 89 74 24 28 4c 8b cf 49 c7 c0 ff ff ff ff
  0x00007ffc93a01ed5:   48 c7 44 24 20 00 00 00 00 48 8b d3 48 8b 08 e8
  0x00007ffc93a01ee5:   93 d6 01 00 48 83 c4 30 5f 5e 5b c3 cc cc cc cc
  0x00007ffc93a01ef5:   cc cc cc cc cc cc cc cc cc cc cc 48 8d 05 19 1d
  0x00007ffc93a01f05:   08 00 c3 cc cc cc cc cc cc cc cc 4c 8b dc 49 89


Stack slot to memory mapping:

stack at sp + 0 slots: 0x0000018f876de19e is at code_begin+62 in 
[CodeBlob kind:6 (0x0000018f876de108)]
Framesize: 6
Runtime Stub (0x0000018f876de108): nep_invoker_blob
--------------------------------------------------------------------------------
Decoding CodeBlob, name: nep_invoker_blob, at  [0x0000018f876de160, 0x0000018f876de250]  240 bytes
[MachCode]
  0x0000018f876de160: 5548 8bec | 4883 ec20 | c5f8 7749 | 89af 3804 | 0000 49ba | 68e1 6d87 | 8f01 0000 | 4d89 9730 
  0x0000018f876de180: 0400 0049 | 89a7 2804 | 0000 41c7 | 87d4 0400 | 0004 0000 | 004c 8bd2 | 498b c841 | ffd2 c5f8 
  0x0000018f876de1a0: 7741 c787 | d404 0000 | 0500 0000 | f083 4424 | c000 493b | 6f28 0f87 | 4d00 0000 | 4183 bfd0 
  0x0000018f876de1c0: 0400 0000 | 0f85 3f00 | 0000 41c7 | 87d4 0400 | 0008 0000 | 0041 83bf | 5005 0000 | 020f 844b 
  0x0000018f876de1e0: 0000 0049 | c787 2804 | 0000 0000 | 0000 49c7 | 8738 0400 | 0000 0000 | 0049 c787 | 3004 0000 
  0x0000018f876de200: 0000 0000 | c5f8 77c9 | c349 8bcf | c5f8 774c | 8be4 4883 | ec20 4883 | e4f0 48b8 | a0af 606a 
  0x0000018f876de220: fc7f 0000 | ffd0 498b | e44d 33e4 | eb9c c5f8 | 774c 8be4 | 4883 ec20 | 4883 e4f0 | 48b8 b0fc 
  0x0000018f876de240: 996a fc7f | 0000 ffd0 | 498b e44d | 33e4 eb93 
[/MachCode]
--------------------------------------------------------------------------------
stack at sp + 1 slots: 0x0000018f9817af98 is pointing into metadata
stack at sp + 2 slots: 0x0000000000000002 is an unknown value
stack at sp + 3 slots: 0x0000018f982f25d0 is pointing into metadata
stack at sp + 4 slots: 0x0 is null
stack at sp + 5 slots: 0x000000387a8fef80 is pointing into the stack for thread: 0x0000018ff02845d0
stack at sp + 6 slots: 0x0000018f87458b18 is at code_begin+1272 in an Interpreter codelet
return entry points  [0x0000018f87458620, 0x0000018f87459298]  3192 bytes
stack at sp + 7 slots: 0x000000062b9d4dc0 is an oop: jdk.internal.foreign.abi.NativeEntryPoint 
{0x000000062b9d4dc0} - klass: 'jdk/internal/foreign/abi/NativeEntryPoint' - flags: 

 - ---- fields (total size 3 words):
 - private final 'methodType' 'Ljava/lang/invoke/MethodType;' @12  a 'java/lang/invoke/MethodType'{0x000000062ced2d08} = (JJ)V (0xc59da5a1)
 - private final 'downcallStubAddress' 'J' @16  1715964076384 (0x0000018f876de160)

Lock stack of current Java thread (top to bottom):

--------------------------------------------------------------------------------
Decoding CodeBlob, name: nep_invoker_blob, at  [0x0000018f876de160, 0x0000018f876de250]  240 bytes
[MachCode]
  0x0000018f876de160: 5548 8bec | 4883 ec20 | c5f8 7749 | 89af 3804 | 0000 49ba | 68e1 6d87 | 8f01 0000 | 4d89 9730 
  0x0000018f876de180: 0400 0049 | 89a7 2804 | 0000 41c7 | 87d4 0400 | 0004 0000 | 004c 8bd2 | 498b c841 | ffd2 c5f8 
  0x0000018f876de1a0: 7741 c787 | d404 0000 | 0500 0000 | f083 4424 | c000 493b | 6f28 0f87 | 4d00 0000 | 4183 bfd0 
  0x0000018f876de1c0: 0400 0000 | 0f85 3f00 | 0000 41c7 | 87d4 0400 | 0008 0000 | 0041 83bf | 5005 0000 | 020f 844b 
  0x0000018f876de1e0: 0000 0049 | c787 2804 | 0000 0000 | 0000 49c7 | 8738 0400 | 0000 0000 | 0049 c787 | 3004 0000 
  0x0000018f876de200: 0000 0000 | c5f8 77c9 | c349 8bcf | c5f8 774c | 8be4 4883 | ec20 4883 | e4f0 48b8 | a0af 606a 
  0x0000018f876de220: fc7f 0000 | ffd0 498b | e44d 33e4 | eb9c c5f8 | 774c 8be4 | 4883 ec20 | 4883 e4f0 | 48b8 b0fc 
  0x0000018f876de240: 996a fc7f | 0000 ffd0 | 498b e44d | 33e4 eb93 
[/MachCode]
--------------------------------------------------------------------------------


---------------  P R O C E S S  ---------------

Threads class SMR info:
_java_thread_list=0x0000018f9c806a20, length=17, elements={
0x0000018ff02845d0, 0x0000018ffd7d7830, 0x0000018ffd7d8140, 0x0000018ffd7dad70,
0x0000018ffd7df410, 0x0000018ffd7dced0, 0x0000018ffd7e1fe0, 0x0000018ffd7e4280,
0x0000018ffd7e7640, 0x0000018f973a1470, 0x0000018f973b1e50, 0x0000018f973e3cd0,
0x0000018f9747d780, 0x0000018f9c514020, 0x0000018f9c633840, 0x0000018f9c800080,
0x0000018f9c806ac0
}

Java Threads: ( => current thread )
=>0x0000018ff02845d0 JavaThread "main"                              [_thread_in_native, id=9136, stack(0x000000387a800000,0x000000387a900000) (1024K)]
  0x0000018ffd7d7830 JavaThread "Reference Handler"          daemon [_thread_blocked, id=13372, stack(0x000000387b000000,0x000000387b100000) (1024K)]
  0x0000018ffd7d8140 JavaThread "Finalizer"                  daemon [_thread_blocked, id=28888, stack(0x000000387b100000,0x000000387b200000) (1024K)]
  0x0000018ffd7dad70 JavaThread "Signal Dispatcher"          daemon [_thread_blocked, id=17804, stack(0x000000387b200000,0x000000387b300000) (1024K)]
  0x0000018ffd7df410 JavaThread "Attach Listener"            daemon [_thread_blocked, id=81244, stack(0x000000387b300000,0x000000387b400000) (1024K)]
  0x0000018ffd7dced0 JavaThread "Service Thread"             daemon [_thread_blocked, id=65928, stack(0x000000387b400000,0x000000387b500000) (1024K)]
  0x0000018ffd7e1fe0 JavaThread "Monitor Deflation Thread"   daemon [_thread_blocked, id=60676, stack(0x000000387b500000,0x000000387b600000) (1024K)]
  0x0000018ffd7e4280 JavaThread "C2 CompilerThread0"         daemon [_thread_blocked, id=33820, stack(0x000000387b600000,0x000000387b700000) (1024K)]
  0x0000018ffd7e7640 JavaThread "C1 CompilerThread0"         daemon [_thread_blocked, id=64392, stack(0x000000387b700000,0x000000387b800000) (1024K)]
  0x0000018f973a1470 JavaThread "Notification Thread"        daemon [_thread_blocked, id=60208, stack(0x000000387b800000,0x000000387b900000) (1024K)]
  0x0000018f973b1e50 JavaThread "Common-Cleaner"             daemon [_thread_blocked, id=35824, stack(0x000000387b900000,0x000000387ba00000) (1024K)]
  0x0000018f973e3cd0 JavaThread "C1 CompilerThread1"         daemon [_thread_blocked, id=7476, stack(0x000000387ba00000,0x000000387bb00000) (1024K)]
  0x0000018f9747d780 JavaThread "C2 CompilerThread1"         daemon [_thread_blocked, id=4244, stack(0x000000387bb00000,0x000000387bc00000) (1024K)]
  0x0000018f9c514020 JavaThread "C1 CompilerThread2"         daemon [_thread_blocked, id=13228, stack(0x000000387bc00000,0x000000387bd00000) (1024K)]
  0x0000018f9c633840 JavaThread "C1 CompilerThread3"         daemon [_thread_blocked, id=48920, stack(0x000000387bd00000,0x000000387be00000) (1024K)]
  0x0000018f9c800080 JavaThread "C2 CompilerThread2"         daemon [_thread_blocked, id=62248, stack(0x000000387be00000,0x000000387bf00000) (1024K)]
  0x0000018f9c806ac0 JavaThread "C2 CompilerThread3"         daemon [_thread_blocked, id=41892, stack(0x000000387bf00000,0x000000387c000000) (1024K)]
Total: 17

Other Threads:
  0x0000018ffd7c2170 VMThread "VM Thread"                           [id=19656, stack(0x000000387af00000,0x000000387b000000) (1024K)]
  0x0000018ffd7b51c0 WatcherThread "VM Periodic Task Thread"        [id=60476, stack(0x000000387ae00000,0x000000387af00000) (1024K)]
  0x0000018ff2678960 WorkerThread "GC Thread#0"                     [id=37096, stack(0x000000387a900000,0x000000387aa00000) (1024K)]
  0x0000018ff268e050 ConcurrentGCThread "G1 Main Marker"            [id=50408, stack(0x000000387aa00000,0x000000387ab00000) (1024K)]
  0x0000018ffd604670 WorkerThread "G1 Conc#0"                       [id=10468, stack(0x000000387ab00000,0x000000387ac00000) (1024K)]
  0x0000018ffd66ff00 ConcurrentGCThread "G1 Refine#0"               [id=64488, stack(0x000000387ac00000,0x000000387ad00000) (1024K)]
  0x0000018ffd670b10 ConcurrentGCThread "G1 Service"                [id=68356, stack(0x000000387ad00000,0x000000387ae00000) (1024K)]
Total: 7

Threads with active compile tasks:
Total: 0

VM state: not at safepoint (normal execution)

VM Mutex/Monitor currently owned by a thread: None

Heap address: 0x000000060e000000, size: 7968 MB, Compressed Oops mode: Zero based, Oop shift amount: 3

CDS archive(s) mapped at: [0x000000002e000000-0x000000002edd0000-0x000000002edd0000), size 14483456, SharedBaseAddress: 0x000000002e000000, ArchiveRelocationMode: 1.
Compressed class space mapped at: 0x000000002f000000-0x000000006f000000, reserved size: 1073741824
UseCompressedClassPointers 1, UseCompactObjectHeaders 0
Narrow klass pointer bits 32, Max shift 3
Narrow klass base: 0x000000002e000000, Narrow klass shift: 0
Encoding Range: [0x000000002e000000 - 0x000000012e000000), (4294967296 bytes)
Klass Range:    [0x000000002e010000 - 0x000000006f000000), (1090453504 bytes)
Klass ID Range:  [65536 - 1090519033) (1090453497)
Protection zone: [0x000000002e000000 - 0x000000002e010000), (65536 bytes)

GC Precious Log:
 CardTable entry size: 512
 Card Set container configuration: InlinePtr #cards 4 size 8 Array Of Cards #cards 32 size 80 Howl #buckets 8 coarsen threshold 7372 Howl Bitmap #cards 1024 size 144 coarsen threshold 921 Card regions per heap region 1 cards per card region 8192
 CPUs: 16 total, 16 available
 Memory: 31861M
 Large Page Support: Disabled
 NUMA Support: Disabled
 Compressed Oops: Enabled (Zero based)
 Heap Region Size: 4M
 Heap Min Capacity: 8M
 Heap Initial Capacity: 500M
 Heap Max Capacity: 7968M
 Pre-touch: Disabled
 Parallel Workers: 13
 Concurrent Workers: 3
 Concurrent Refinement Workers: 13
 Periodic GC: Disabled

Heap:
 garbage-first heap   total reserved 8159232K, committed 516096K, used 25747K [0x000000060e000000, 0x0000000800000000)
  region size 4096K, 7 young (28672K), 0 survivors (0K)

Heap Regions: E=young(eden), S=young(survivor), O=old, HS=humongous(starts), HC=humongous(continues), CS=collection set, F=free, TAMS=top-at-mark-start, PB=parsable bottom
|   0|0x000000060e000000, 0x000000060e000000, 0x000000060e400000|  0%| F|  |TAMS 0x000000060e000000| PB 0x000000060e000000| Untracked |  0
|   1|0x000000060e400000, 0x000000060e400000, 0x000000060e800000|  0%| F|  |TAMS 0x000000060e400000| PB 0x000000060e400000| Untracked |  0
|   2|0x000000060e800000, 0x000000060e800000, 0x000000060ec00000|  0%| F|  |TAMS 0x000000060e800000| PB 0x000000060e800000| Untracked |  0
|   3|0x000000060ec00000, 0x000000060ec00000, 0x000000060f000000|  0%| F|  |TAMS 0x000000060ec00000| PB 0x000000060ec00000| Untracked |  0
|   4|0x000000060f000000, 0x000000060f000000, 0x000000060f400000|  0%| F|  |TAMS 0x000000060f000000| PB 0x000000060f000000| Untracked |  0
|   5|0x000000060f400000, 0x000000060f400000, 0x000000060f800000|  0%| F|  |TAMS 0x000000060f400000| PB 0x000000060f400000| Untracked |  0
|   6|0x000000060f800000, 0x000000060f800000, 0x000000060fc00000|  0%| F|  |TAMS 0x000000060f800000| PB 0x000000060f800000| Untracked |  0
|   7|0x000000060fc00000, 0x000000060fc00000, 0x0000000610000000|  0%| F|  |TAMS 0x000000060fc00000| PB 0x000000060fc00000| Untracked |  0
|   8|0x0000000610000000, 0x0000000610000000, 0x0000000610400000|  0%| F|  |TAMS 0x0000000610000000| PB 0x0000000610000000| Untracked |  0
|   9|0x0000000610400000, 0x0000000610400000, 0x0000000610800000|  0%| F|  |TAMS 0x0000000610400000| PB 0x0000000610400000| Untracked |  0
|  10|0x0000000610800000, 0x0000000610800000, 0x0000000610c00000|  0%| F|  |TAMS 0x0000000610800000| PB 0x0000000610800000| Untracked |  0
|  11|0x0000000610c00000, 0x0000000610c00000, 0x0000000611000000|  0%| F|  |TAMS 0x0000000610c00000| PB 0x0000000610c00000| Untracked |  0
|  12|0x0000000611000000, 0x0000000611000000, 0x0000000611400000|  0%| F|  |TAMS 0x0000000611000000| PB 0x0000000611000000| Untracked |  0
|  13|0x0000000611400000, 0x0000000611400000, 0x0000000611800000|  0%| F|  |TAMS 0x0000000611400000| PB 0x0000000611400000| Untracked |  0
|  14|0x0000000611800000, 0x0000000611800000, 0x0000000611c00000|  0%| F|  |TAMS 0x0000000611800000| PB 0x0000000611800000| Untracked |  0
|  15|0x0000000611c00000, 0x0000000611c00000, 0x0000000612000000|  0%| F|  |TAMS 0x0000000611c00000| PB 0x0000000611c00000| Untracked |  0
|  16|0x0000000612000000, 0x0000000612000000, 0x0000000612400000|  0%| F|  |TAMS 0x0000000612000000| PB 0x0000000612000000| Untracked |  0
|  17|0x0000000612400000, 0x0000000612400000, 0x0000000612800000|  0%| F|  |TAMS 0x0000000612400000| PB 0x0000000612400000| Untracked |  0
|  18|0x0000000612800000, 0x0000000612800000, 0x0000000612c00000|  0%| F|  |TAMS 0x0000000612800000| PB 0x0000000612800000| Untracked |  0
|  19|0x0000000612c00000, 0x0000000612c00000, 0x0000000613000000|  0%| F|  |TAMS 0x0000000612c00000| PB 0x0000000612c00000| Untracked |  0
|  20|0x0000000613000000, 0x0000000613000000, 0x0000000613400000|  0%| F|  |TAMS 0x0000000613000000| PB 0x0000000613000000| Untracked |  0
|  21|0x0000000613400000, 0x0000000613400000, 0x0000000613800000|  0%| F|  |TAMS 0x0000000613400000| PB 0x0000000613400000| Untracked |  0
|  22|0x0000000613800000, 0x0000000613800000, 0x0000000613c00000|  0%| F|  |TAMS 0x0000000613800000| PB 0x0000000613800000| Untracked |  0
|  23|0x0000000613c00000, 0x0000000613c00000, 0x0000000614000000|  0%| F|  |TAMS 0x0000000613c00000| PB 0x0000000613c00000| Untracked |  0
|  24|0x0000000614000000, 0x0000000614000000, 0x0000000614400000|  0%| F|  |TAMS 0x0000000614000000| PB 0x0000000614000000| Untracked |  0
|  25|0x0000000614400000, 0x0000000614400000, 0x0000000614800000|  0%| F|  |TAMS 0x0000000614400000| PB 0x0000000614400000| Untracked |  0
|  26|0x0000000614800000, 0x0000000614800000, 0x0000000614c00000|  0%| F|  |TAMS 0x0000000614800000| PB 0x0000000614800000| Untracked |  0
|  27|0x0000000614c00000, 0x0000000614c00000, 0x0000000615000000|  0%| F|  |TAMS 0x0000000614c00000| PB 0x0000000614c00000| Untracked |  0
|  28|0x0000000615000000, 0x0000000615000000, 0x0000000615400000|  0%| F|  |TAMS 0x0000000615000000| PB 0x0000000615000000| Untracked |  0
|  29|0x0000000615400000, 0x0000000615400000, 0x0000000615800000|  0%| F|  |TAMS 0x0000000615400000| PB 0x0000000615400000| Untracked |  0
|  30|0x0000000615800000, 0x0000000615800000, 0x0000000615c00000|  0%| F|  |TAMS 0x0000000615800000| PB 0x0000000615800000| Untracked |  0
|  31|0x0000000615c00000, 0x0000000615c00000, 0x0000000616000000|  0%| F|  |TAMS 0x0000000615c00000| PB 0x0000000615c00000| Untracked |  0
|  32|0x0000000616000000, 0x0000000616000000, 0x0000000616400000|  0%| F|  |TAMS 0x0000000616000000| PB 0x0000000616000000| Untracked |  0
|  33|0x0000000616400000, 0x0000000616400000, 0x0000000616800000|  0%| F|  |TAMS 0x0000000616400000| PB 0x0000000616400000| Untracked |  0
|  34|0x0000000616800000, 0x0000000616800000, 0x0000000616c00000|  0%| F|  |TAMS 0x0000000616800000| PB 0x0000000616800000| Untracked |  0
|  35|0x0000000616c00000, 0x0000000616c00000, 0x0000000617000000|  0%| F|  |TAMS 0x0000000616c00000| PB 0x0000000616c00000| Untracked |  0
|  36|0x0000000617000000, 0x0000000617000000, 0x0000000617400000|  0%| F|  |TAMS 0x0000000617000000| PB 0x0000000617000000| Untracked |  0
|  37|0x0000000617400000, 0x0000000617400000, 0x0000000617800000|  0%| F|  |TAMS 0x0000000617400000| PB 0x0000000617400000| Untracked |  0
|  38|0x0000000617800000, 0x0000000617800000, 0x0000000617c00000|  0%| F|  |TAMS 0x0000000617800000| PB 0x0000000617800000| Untracked |  0
|  39|0x0000000617c00000, 0x0000000617c00000, 0x0000000618000000|  0%| F|  |TAMS 0x0000000617c00000| PB 0x0000000617c00000| Untracked |  0
|  40|0x0000000618000000, 0x0000000618000000, 0x0000000618400000|  0%| F|  |TAMS 0x0000000618000000| PB 0x0000000618000000| Untracked |  0
|  41|0x0000000618400000, 0x0000000618400000, 0x0000000618800000|  0%| F|  |TAMS 0x0000000618400000| PB 0x0000000618400000| Untracked |  0
|  42|0x0000000618800000, 0x0000000618800000, 0x0000000618c00000|  0%| F|  |TAMS 0x0000000618800000| PB 0x0000000618800000| Untracked |  0
|  43|0x0000000618c00000, 0x0000000618c00000, 0x0000000619000000|  0%| F|  |TAMS 0x0000000618c00000| PB 0x0000000618c00000| Untracked |  0
|  44|0x0000000619000000, 0x0000000619000000, 0x0000000619400000|  0%| F|  |TAMS 0x0000000619000000| PB 0x0000000619000000| Untracked |  0
|  45|0x0000000619400000, 0x0000000619400000, 0x0000000619800000|  0%| F|  |TAMS 0x0000000619400000| PB 0x0000000619400000| Untracked |  0
|  46|0x0000000619800000, 0x0000000619800000, 0x0000000619c00000|  0%| F|  |TAMS 0x0000000619800000| PB 0x0000000619800000| Untracked |  0
|  47|0x0000000619c00000, 0x0000000619c00000, 0x000000061a000000|  0%| F|  |TAMS 0x0000000619c00000| PB 0x0000000619c00000| Untracked |  0
|  48|0x000000061a000000, 0x000000061a000000, 0x000000061a400000|  0%| F|  |TAMS 0x000000061a000000| PB 0x000000061a000000| Untracked |  0
|  49|0x000000061a400000, 0x000000061a400000, 0x000000061a800000|  0%| F|  |TAMS 0x000000061a400000| PB 0x000000061a400000| Untracked |  0
|  50|0x000000061a800000, 0x000000061a800000, 0x000000061ac00000|  0%| F|  |TAMS 0x000000061a800000| PB 0x000000061a800000| Untracked |  0
|  51|0x000000061ac00000, 0x000000061ac00000, 0x000000061b000000|  0%| F|  |TAMS 0x000000061ac00000| PB 0x000000061ac00000| Untracked |  0
|  52|0x000000061b000000, 0x000000061b000000, 0x000000061b400000|  0%| F|  |TAMS 0x000000061b000000| PB 0x000000061b000000| Untracked |  0
|  53|0x000000061b400000, 0x000000061b400000, 0x000000061b800000|  0%| F|  |TAMS 0x000000061b400000| PB 0x000000061b400000| Untracked |  0
|  54|0x000000061b800000, 0x000000061b800000, 0x000000061bc00000|  0%| F|  |TAMS 0x000000061b800000| PB 0x000000061b800000| Untracked |  0
|  55|0x000000061bc00000, 0x000000061bc00000, 0x000000061c000000|  0%| F|  |TAMS 0x000000061bc00000| PB 0x000000061bc00000| Untracked |  0
|  56|0x000000061c000000, 0x000000061c000000, 0x000000061c400000|  0%| F|  |TAMS 0x000000061c000000| PB 0x000000061c000000| Untracked |  0
|  57|0x000000061c400000, 0x000000061c400000, 0x000000061c800000|  0%| F|  |TAMS 0x000000061c400000| PB 0x000000061c400000| Untracked |  0
|  58|0x000000061c800000, 0x000000061c800000, 0x000000061cc00000|  0%| F|  |TAMS 0x000000061c800000| PB 0x000000061c800000| Untracked |  0
|  59|0x000000061cc00000, 0x000000061cc00000, 0x000000061d000000|  0%| F|  |TAMS 0x000000061cc00000| PB 0x000000061cc00000| Untracked |  0
|  60|0x000000061d000000, 0x000000061d000000, 0x000000061d400000|  0%| F|  |TAMS 0x000000061d000000| PB 0x000000061d000000| Untracked |  0
|  61|0x000000061d400000, 0x000000061d400000, 0x000000061d800000|  0%| F|  |TAMS 0x000000061d400000| PB 0x000000061d400000| Untracked |  0
|  62|0x000000061d800000, 0x000000061d800000, 0x000000061dc00000|  0%| F|  |TAMS 0x000000061d800000| PB 0x000000061d800000| Untracked |  0
|  63|0x000000061dc00000, 0x000000061dc00000, 0x000000061e000000|  0%| F|  |TAMS 0x000000061dc00000| PB 0x000000061dc00000| Untracked |  0
|  64|0x000000061e000000, 0x000000061e000000, 0x000000061e400000|  0%| F|  |TAMS 0x000000061e000000| PB 0x000000061e000000| Untracked |  0
|  65|0x000000061e400000, 0x000000061e400000, 0x000000061e800000|  0%| F|  |TAMS 0x000000061e400000| PB 0x000000061e400000| Untracked |  0
|  66|0x000000061e800000, 0x000000061e800000, 0x000000061ec00000|  0%| F|  |TAMS 0x000000061e800000| PB 0x000000061e800000| Untracked |  0
|  67|0x000000061ec00000, 0x000000061ec00000, 0x000000061f000000|  0%| F|  |TAMS 0x000000061ec00000| PB 0x000000061ec00000| Untracked |  0
|  68|0x000000061f000000, 0x000000061f000000, 0x000000061f400000|  0%| F|  |TAMS 0x000000061f000000| PB 0x000000061f000000| Untracked |  0
|  69|0x000000061f400000, 0x000000061f400000, 0x000000061f800000|  0%| F|  |TAMS 0x000000061f400000| PB 0x000000061f400000| Untracked |  0
|  70|0x000000061f800000, 0x000000061f800000, 0x000000061fc00000|  0%| F|  |TAMS 0x000000061f800000| PB 0x000000061f800000| Untracked |  0
|  71|0x000000061fc00000, 0x000000061fc00000, 0x0000000620000000|  0%| F|  |TAMS 0x000000061fc00000| PB 0x000000061fc00000| Untracked |  0
|  72|0x0000000620000000, 0x0000000620000000, 0x0000000620400000|  0%| F|  |TAMS 0x0000000620000000| PB 0x0000000620000000| Untracked |  0
|  73|0x0000000620400000, 0x0000000620400000, 0x0000000620800000|  0%| F|  |TAMS 0x0000000620400000| PB 0x0000000620400000| Untracked |  0
|  74|0x0000000620800000, 0x0000000620800000, 0x0000000620c00000|  0%| F|  |TAMS 0x0000000620800000| PB 0x0000000620800000| Untracked |  0
|  75|0x0000000620c00000, 0x0000000620c00000, 0x0000000621000000|  0%| F|  |TAMS 0x0000000620c00000| PB 0x0000000620c00000| Untracked |  0
|  76|0x0000000621000000, 0x0000000621000000, 0x0000000621400000|  0%| F|  |TAMS 0x0000000621000000| PB 0x0000000621000000| Untracked |  0
|  77|0x0000000621400000, 0x0000000621400000, 0x0000000621800000|  0%| F|  |TAMS 0x0000000621400000| PB 0x0000000621400000| Untracked |  0
|  78|0x0000000621800000, 0x0000000621800000, 0x0000000621c00000|  0%| F|  |TAMS 0x0000000621800000| PB 0x0000000621800000| Untracked |  0
|  79|0x0000000621c00000, 0x0000000621c00000, 0x0000000622000000|  0%| F|  |TAMS 0x0000000621c00000| PB 0x0000000621c00000| Untracked |  0
|  80|0x0000000622000000, 0x0000000622000000, 0x0000000622400000|  0%| F|  |TAMS 0x0000000622000000| PB 0x0000000622000000| Untracked |  0
|  81|0x0000000622400000, 0x0000000622400000, 0x0000000622800000|  0%| F|  |TAMS 0x0000000622400000| PB 0x0000000622400000| Untracked |  0
|  82|0x0000000622800000, 0x0000000622800000, 0x0000000622c00000|  0%| F|  |TAMS 0x0000000622800000| PB 0x0000000622800000| Untracked |  0
|  83|0x0000000622c00000, 0x0000000622c00000, 0x0000000623000000|  0%| F|  |TAMS 0x0000000622c00000| PB 0x0000000622c00000| Untracked |  0
|  84|0x0000000623000000, 0x0000000623000000, 0x0000000623400000|  0%| F|  |TAMS 0x0000000623000000| PB 0x0000000623000000| Untracked |  0
|  85|0x0000000623400000, 0x0000000623400000, 0x0000000623800000|  0%| F|  |TAMS 0x0000000623400000| PB 0x0000000623400000| Untracked |  0
|  86|0x0000000623800000, 0x0000000623800000, 0x0000000623c00000|  0%| F|  |TAMS 0x0000000623800000| PB 0x0000000623800000| Untracked |  0
|  87|0x0000000623c00000, 0x0000000623c00000, 0x0000000624000000|  0%| F|  |TAMS 0x0000000623c00000| PB 0x0000000623c00000| Untracked |  0
|  88|0x0000000624000000, 0x0000000624000000, 0x0000000624400000|  0%| F|  |TAMS 0x0000000624000000| PB 0x0000000624000000| Untracked |  0
|  89|0x0000000624400000, 0x0000000624400000, 0x0000000624800000|  0%| F|  |TAMS 0x0000000624400000| PB 0x0000000624400000| Untracked |  0
|  90|0x0000000624800000, 0x0000000624800000, 0x0000000624c00000|  0%| F|  |TAMS 0x0000000624800000| PB 0x0000000624800000| Untracked |  0
|  91|0x0000000624c00000, 0x0000000624c00000, 0x0000000625000000|  0%| F|  |TAMS 0x0000000624c00000| PB 0x0000000624c00000| Untracked |  0
|  92|0x0000000625000000, 0x0000000625000000, 0x0000000625400000|  0%| F|  |TAMS 0x0000000625000000| PB 0x0000000625000000| Untracked |  0
|  93|0x0000000625400000, 0x0000000625400000, 0x0000000625800000|  0%| F|  |TAMS 0x0000000625400000| PB 0x0000000625400000| Untracked |  0
|  94|0x0000000625800000, 0x0000000625800000, 0x0000000625c00000|  0%| F|  |TAMS 0x0000000625800000| PB 0x0000000625800000| Untracked |  0
|  95|0x0000000625c00000, 0x0000000625c00000, 0x0000000626000000|  0%| F|  |TAMS 0x0000000625c00000| PB 0x0000000625c00000| Untracked |  0
|  96|0x0000000626000000, 0x0000000626000000, 0x0000000626400000|  0%| F|  |TAMS 0x0000000626000000| PB 0x0000000626000000| Untracked |  0
|  97|0x0000000626400000, 0x0000000626400000, 0x0000000626800000|  0%| F|  |TAMS 0x0000000626400000| PB 0x0000000626400000| Untracked |  0
|  98|0x0000000626800000, 0x0000000626800000, 0x0000000626c00000|  0%| F|  |TAMS 0x0000000626800000| PB 0x0000000626800000| Untracked |  0
|  99|0x0000000626c00000, 0x0000000626c00000, 0x0000000627000000|  0%| F|  |TAMS 0x0000000626c00000| PB 0x0000000626c00000| Untracked |  0
| 100|0x0000000627000000, 0x0000000627000000, 0x0000000627400000|  0%| F|  |TAMS 0x0000000627000000| PB 0x0000000627000000| Untracked |  0
| 101|0x0000000627400000, 0x0000000627400000, 0x0000000627800000|  0%| F|  |TAMS 0x0000000627400000| PB 0x0000000627400000| Untracked |  0
| 102|0x0000000627800000, 0x0000000627800000, 0x0000000627c00000|  0%| F|  |TAMS 0x0000000627800000| PB 0x0000000627800000| Untracked |  0
| 103|0x0000000627c00000, 0x0000000627c00000, 0x0000000628000000|  0%| F|  |TAMS 0x0000000627c00000| PB 0x0000000627c00000| Untracked |  0
| 104|0x0000000628000000, 0x0000000628000000, 0x0000000628400000|  0%| F|  |TAMS 0x0000000628000000| PB 0x0000000628000000| Untracked |  0
| 105|0x0000000628400000, 0x0000000628400000, 0x0000000628800000|  0%| F|  |TAMS 0x0000000628400000| PB 0x0000000628400000| Untracked |  0
| 106|0x0000000628800000, 0x0000000628800000, 0x0000000628c00000|  0%| F|  |TAMS 0x0000000628800000| PB 0x0000000628800000| Untracked |  0
| 107|0x0000000628c00000, 0x0000000628c00000, 0x0000000629000000|  0%| F|  |TAMS 0x0000000628c00000| PB 0x0000000628c00000| Untracked |  0
| 108|0x0000000629000000, 0x0000000629000000, 0x0000000629400000|  0%| F|  |TAMS 0x0000000629000000| PB 0x0000000629000000| Untracked |  0
| 109|0x0000000629400000, 0x0000000629400000, 0x0000000629800000|  0%| F|  |TAMS 0x0000000629400000| PB 0x0000000629400000| Untracked |  0
| 110|0x0000000629800000, 0x0000000629800000, 0x0000000629c00000|  0%| F|  |TAMS 0x0000000629800000| PB 0x0000000629800000| Untracked |  0
| 111|0x0000000629c00000, 0x0000000629c00000, 0x000000062a000000|  0%| F|  |TAMS 0x0000000629c00000| PB 0x0000000629c00000| Untracked |  0
| 112|0x000000062a000000, 0x000000062a000000, 0x000000062a400000|  0%| F|  |TAMS 0x000000062a000000| PB 0x000000062a000000| Untracked |  0
| 113|0x000000062a400000, 0x000000062a400000, 0x000000062a800000|  0%| F|  |TAMS 0x000000062a400000| PB 0x000000062a400000| Untracked |  0
| 114|0x000000062a800000, 0x000000062a800000, 0x000000062ac00000|  0%| F|  |TAMS 0x000000062a800000| PB 0x000000062a800000| Untracked |  0
| 115|0x000000062ac00000, 0x000000062ac00000, 0x000000062b000000|  0%| F|  |TAMS 0x000000062ac00000| PB 0x000000062ac00000| Untracked |  0
| 116|0x000000062b000000, 0x000000062b000000, 0x000000062b400000|  0%| F|  |TAMS 0x000000062b000000| PB 0x000000062b000000| Untracked |  0
| 117|0x000000062b400000, 0x000000062b400000, 0x000000062b800000|  0%| F|  |TAMS 0x000000062b400000| PB 0x000000062b400000| Untracked |  0
| 118|0x000000062b800000, 0x000000062bae28b8, 0x000000062bc00000| 72%| E|  |TAMS 0x000000062b800000| PB 0x000000062b800000| Complete |  0
| 119|0x000000062bc00000, 0x000000062c000000, 0x000000062c000000|100%| E|CS|TAMS 0x000000062bc00000| PB 0x000000062bc00000| Complete |  0
| 120|0x000000062c000000, 0x000000062c400000, 0x000000062c400000|100%| E|CS|TAMS 0x000000062c000000| PB 0x000000062c000000| Complete |  0
| 121|0x000000062c400000, 0x000000062c800000, 0x000000062c800000|100%| E|CS|TAMS 0x000000062c400000| PB 0x000000062c400000| Complete |  0
| 122|0x000000062c800000, 0x000000062cc00000, 0x000000062cc00000|100%| E|CS|TAMS 0x000000062c800000| PB 0x000000062c800000| Complete |  0
| 123|0x000000062cc00000, 0x000000062d000000, 0x000000062d000000|100%| E|CS|TAMS 0x000000062cc00000| PB 0x000000062cc00000| Complete |  0
| 124|0x000000062d000000, 0x000000062d400000, 0x000000062d400000|100%| E|CS|TAMS 0x000000062d000000| PB 0x000000062d000000| Complete |  0
|1991|0x00000007ffc00000, 0x00000007ffd24ea8, 0x0000000800000000| 28%| O|  |TAMS 0x00000007ffc00000| PB 0x00000007ffc00000| Untracked |  0

Card table byte_map: [0x0000018ffc670000,0x0000018ffd600000] _byte_map_base: 0x0000018ff9600000

Marking Bits: (CMBitMap*) 0x0000018ff26790f0
 Bits: [0x0000018f8f000000, 0x0000018f96c80000)

Polling page: 0x0000018ff0420000

Metaspace:
Metaspace        used 6026K, committed 6464K, reserved 1114112K
 class space     used 575K, committed 768K, reserved 1048576K

Usage:
  Non-class:      5.32 MB used.
      Class:    575.80 KB used.
       Both:      5.89 MB used.

Virtual space:
  Non-class space:       64.00 MB reserved,       5.56 MB (  9%) committed,  1 nodes.
      Class space:        1.00 GB reserved,     768.00 KB ( <1%) committed,  1 nodes.
             Both:        1.06 GB reserved,       6.31 MB ( <1%) committed. 

Chunk freelists:
   Non-Class:  9.53 MB
       Class:  15.11 MB
        Both:  24.65 MB

MaxMetaspaceSize: unlimited
CompressedClassSpaceSize: 1.00 GB
Initial GC threshold: 21.00 MB
Current GC threshold: 21.00 MB
CDS: on
 - commit_granule_bytes: 65536.
 - commit_granule_words: 8192.
 - virtual_space_node_default_size: 8388608.
 - enlarge_chunks_in_place: 1.
UseCompressedClassPointers 1, UseCompactObjectHeaders 0
Narrow klass pointer bits 32, Max shift 3
Narrow klass base: 0x000000002e000000, Narrow klass shift: 0
Encoding Range: [0x000000002e000000 - 0x000000012e000000), (4294967296 bytes)
Klass Range:    [0x000000002e010000 - 0x000000006f000000), (1090453504 bytes)
Klass ID Range:  [65536 - 1090519033) (1090453497)
Protection zone: [0x000000002e000000 - 0x000000002e010000), (65536 bytes)


Internal statistics:

num_allocs_failed_limit: 0.
num_arena_births: 450.
num_arena_deaths: 0.
num_vsnodes_births: 2.
num_vsnodes_deaths: 0.
num_space_committed: 101.
num_space_uncommitted: 0.
num_chunks_returned_to_freelist: 0.
num_chunks_taken_from_freelist: 724.
num_chunk_merges: 0.
num_chunk_splits: 492.
num_chunks_enlarged: 290.
num_inconsistent_stats: 0.

CodeHeap 'non-profiled nmethods': size=119232Kb used=536Kb max_used=536Kb free=118696Kb
 bounds [0x0000018f87b90000, 0x0000018f87e00000, 0x0000018f8f000000]
CodeHeap 'profiled nmethods': size=119104Kb used=2404Kb max_used=2404Kb free=116700Kb
 bounds [0x0000018f80000000, 0x0000018f80270000, 0x0000018f87450000]
CodeHeap 'non-nmethods': size=7424Kb used=4433Kb max_used=4522Kb free=2990Kb
 bounds [0x0000018f87450000, 0x0000018f878d0000, 0x0000018f87b90000]
CodeCache: size=245760Kb, used=7373Kb, max_used=7462Kb, free=238386Kb
 total_blobs=3155, nmethods=1656, adapters=1392, full_count=0
Compilation: enabled, stopped_count=0, restarted_count=0

Compilation events (20 events):
Event: 0.242 Thread 0x0000018ffd7e4280 nmethod 1621 0x0000018f87c08488 code [0x0000018f87c08580, 0x0000018f87c08760]
Event: 0.242 Thread 0x0000018ffd7e4280 1605       4       jdk.internal.classfile.impl.SplitConstantPool::tryFindClassOrInterface (138 bytes)
Event: 0.243 Thread 0x0000018f9747d780 nmethod 1635 0x0000018f87c08788 code [0x0000018f87c08880, 0x0000018f87c08d70]
Event: 0.244 Thread 0x0000018f9c806ac0 nmethod 1584 0x0000018f87c08d88 code [0x0000018f87c08e80, 0x0000018f87c0a538]
Event: 0.246 Thread 0x0000018ffd7e4280 nmethod 1605 0x0000018f87c0a588 code [0x0000018f87c0a6a0, 0x0000018f87c0b238]
Event: 0.249 Thread 0x0000018f9c800080 nmethod 1485 0x0000018f87c0b288 code [0x0000018f87c0b9c0, 0x0000018f87c136e8]
Event: 0.312 Thread 0x0000018f973e3cd0 1640       3       java.lang.AbstractStringBuilder::ensureCapacitySameCoder (26 bytes)
Event: 0.312 Thread 0x0000018f973e3cd0 nmethod 1640 0x0000018f80240408 code [0x0000018f80240500, 0x0000018f802406b0]
Event: 0.313 Thread 0x0000018f9c633840 1645       3       java.lang.invoke.MemberName$Factory::resolveOrNull (54 bytes)
Event: 0.313 Thread 0x0000018f9c633840 nmethod 1645 0x0000018f80240708 code [0x0000018f80240800, 0x0000018f80240b08]
Event: 0.313 Thread 0x0000018f973e3cd0 1646       3       jdk.internal.classfile.impl.StackMapGenerator::processBlock (2767 bytes)
Event: 0.313 Thread 0x0000018f9747d780 1647       4       jdk.internal.classfile.impl.RawBytecodeHelper::isStoreIntoLocal (18 bytes)
Event: 0.314 Thread 0x0000018f9c633840 1648       3       java.lang.invoke.LambdaFormBuffer::changeName (149 bytes)
Event: 0.314 Thread 0x0000018f9c800080 1649       4       java.util.Arrays::copyOf (40 bytes)
Event: 0.314 Thread 0x0000018f9c633840 nmethod 1648 0x0000018f80240b88 code [0x0000018f80240c80, 0x0000018f80241268]
Event: 0.314 Thread 0x0000018f9747d780 nmethod 1647 0x0000018f87c14988 code [0x0000018f87c14a80, 0x0000018f87c14af8]
Event: 0.314 Thread 0x0000018f9c633840 1652       3       java.lang.invoke.MethodType::appendParameterTypes (10 bytes)
Event: 0.314 Thread 0x0000018f9c633840 nmethod 1652 0x0000018f80241288 code [0x0000018f80241380, 0x0000018f80241620]
Event: 0.314 Thread 0x0000018f9747d780 1655       4       jdk.internal.classfile.impl.DirectMethodBuilder::methodTypeSymbol (8 bytes)
Event: 0.314 Thread 0x0000018ffd7e4280 1656       4       jdk.internal.classfile.impl.AbstractPoolEntry$AbstractRefsEntry::writeTo (27 bytes)

GC Heap Usage History (0 events):
No events

Metaspace Usage History (0 events):
No events

Dll operation events (7 events):
Event: 0.004 Loaded shared library C:\Users\Administrator\.jdks\openjdk-25.0.2\bin\java.dll
Event: 0.025 Loaded shared library C:\Users\Administrator\.jdks\openjdk-25.0.2\bin\net.dll
Event: 0.026 Loaded shared library C:\Users\Administrator\.jdks\openjdk-25.0.2\bin\nio.dll
Event: 0.031 Loaded shared library C:\Users\Administrator\.jdks\openjdk-25.0.2\bin\zip.dll
Event: 0.055 Loaded shared library C:\Users\Administrator\.jdks\openjdk-25.0.2\bin\jimage.dll
Event: 0.064 Loaded shared library C:\Users\Administrator\AppData\Local\Temp\lwjgl_Administrator\3.4.1+2\x64\lwjgl.dll
Event: 0.125 Loaded shared library C:\Users\Administrator\.jdks\openjdk-25.0.2\bin\verify.dll

Deoptimization events (20 events):
Event: 0.192 Thread 0x0000018ff02845d0 DEOPT PACKING pc=0x0000018f87beb8f0 sp=0x000000387a8fdcc0
Event: 0.192 Thread 0x0000018ff02845d0 DEOPT UNPACKING pc=0x0000018f87580d02 sp=0x000000387a8fdc38 mode 2
Event: 0.200 Thread 0x0000018ff02845d0 DEOPT PACKING pc=0x0000018f8020773d sp=0x000000387a8fe3f0
Event: 0.200 Thread 0x0000018ff02845d0 DEOPT UNPACKING pc=0x0000018f874a12a2 sp=0x000000387a8fd858 mode 0
Event: 0.200 Thread 0x0000018ff02845d0 DEOPT PACKING pc=0x0000018f8020773d sp=0x000000387a8fdd80
Event: 0.200 Thread 0x0000018ff02845d0 DEOPT UNPACKING pc=0x0000018f874a12a2 sp=0x000000387a8fd1e8 mode 0
Event: 0.200 Thread 0x0000018ff02845d0 DEOPT PACKING pc=0x0000018f8020773d sp=0x000000387a8fe3f0
Event: 0.200 Thread 0x0000018ff02845d0 DEOPT UNPACKING pc=0x0000018f874a12a2 sp=0x000000387a8fd858 mode 0
Event: 0.200 Thread 0x0000018ff02845d0 DEOPT PACKING pc=0x0000018f8020773d sp=0x000000387a8fdd80
Event: 0.200 Thread 0x0000018ff02845d0 DEOPT UNPACKING pc=0x0000018f874a12a2 sp=0x000000387a8fd1e8 mode 0
Event: 0.200 Thread 0x0000018ff02845d0 DEOPT PACKING pc=0x0000018f8020773d sp=0x000000387a8fd9d0
Event: 0.200 Thread 0x0000018ff02845d0 DEOPT UNPACKING pc=0x0000018f874a12a2 sp=0x000000387a8fce38 mode 0
Event: 0.312 Thread 0x0000018ff02845d0 Uncommon trap: trap_request=0xffffffcc fr.pc=0x0000018f87c08c1c relative=0x000000000000039c
Event: 0.312 Thread 0x0000018ff02845d0 Uncommon trap: reason=intrinsic_or_type_checked_inlining action=make_not_entrant pc=0x0000018f87c08c1c method=java.util.Arrays.copyOf([Ljava/lang/Object;ILjava/lang/Class;)[Ljava/lang/Object; @ 35 c2
Event: 0.312 Thread 0x0000018ff02845d0 DEOPT PACKING pc=0x0000018f87c08c1c sp=0x000000387a8fdec0
Event: 0.312 Thread 0x0000018ff02845d0 DEOPT UNPACKING pc=0x0000018f87580d02 sp=0x000000387a8fde68 mode 2
Event: 0.313 Thread 0x0000018ff02845d0 Uncommon trap: trap_request=0xffffff45 fr.pc=0x0000018f87c10774 relative=0x0000000000004db4
Event: 0.313 Thread 0x0000018ff02845d0 Uncommon trap: reason=unstable_if action=reinterpret pc=0x0000018f87c10774 method=jdk.internal.classfile.impl.StackMapGenerator.processBlock(Ljdk/internal/classfile/impl/RawBytecodeHelper;)Z @ 56 c2
Event: 0.313 Thread 0x0000018ff02845d0 DEOPT PACKING pc=0x0000018f87c10774 sp=0x000000387a8fd2c0
Event: 0.313 Thread 0x0000018ff02845d0 DEOPT UNPACKING pc=0x0000018f87580d02 sp=0x000000387a8fd268 mode 2

Classes loaded (20 events):
Event: 0.218 Loading class jdk/internal/classfile/impl/BlockCodeBuilderImpl
Event: 0.218 Loading class jdk/internal/classfile/impl/NonterminalCodeBuilder
Event: 0.218 Loading class jdk/internal/classfile/impl/NonterminalCodeBuilder done
Event: 0.218 Loading class jdk/internal/classfile/impl/BlockCodeBuilderImpl done
Event: 0.218 Loading class java/lang/classfile/instruction/LoadInstruction
Event: 0.218 Loading class java/lang/classfile/Instruction
Event: 0.218 Loading class java/lang/classfile/Instruction done
Event: 0.218 Loading class java/lang/classfile/instruction/LoadInstruction done
Event: 0.218 Loading class jdk/internal/classfile/impl/AbstractInstruction$UnboundLoadInstruction
Event: 0.218 Loading class jdk/internal/classfile/impl/AbstractInstruction$UnboundInstruction
Event: 0.218 Loading class jdk/internal/classfile/impl/AbstractInstruction
Event: 0.218 Loading class jdk/internal/classfile/impl/AbstractInstruction done
Event: 0.218 Loading class jdk/internal/classfile/impl/AbstractInstruction$UnboundInstruction done
Event: 0.218 Loading class jdk/internal/classfile/impl/AbstractInstruction$UnboundLoadInstruction done
Event: 0.218 Loading class java/lang/classfile/instruction/InvokeInstruction
Event: 0.218 Loading class java/lang/classfile/instruction/InvokeInstruction done
Event: 0.218 Loading class jdk/internal/classfile/impl/AbstractInstruction$UnboundInvokeInstruction
Event: 0.218 Loading class jdk/internal/classfile/impl/AbstractInstruction$UnboundInvokeInstruction done
Event: 0.234 Loading class java/lang/StackTraceElement$HashedModules
Event: 0.234 Loading class java/lang/StackTraceElement$HashedModules done

Classes unloaded (0 events):
No events

Classes redefined (0 events):
No events

Internal exceptions (20 events):
Event: 0.222 Thread 0x0000018ff02845d0 Exception <a 'java/lang/NoSuchMethodError'{0x000000062b836398}: 'int java.lang.invoke.Invokers$Holder.invokeExact_MT(java.lang.Object, java.lang.Object, java.lang.Object)'> (0x000000062b836398) 
thrown [s\open\src\hotspot\share\interpreter\linkResolver.cpp, line 804]
Event: 0.230 Thread 0x0000018ff02845d0 Exception <a 'java/lang/NoSuchMethodError'{0x000000062b858f88}: 'void java.lang.invoke.DirectMethodHandle$Holder.invokeStaticInit(java.lang.Object, java.lang.Object, java.lang.Object)'> (0x000000062b858f88) 
thrown [s\open\src\hotspot\share\interpreter\linkResolver.cpp, line 804]
Event: 0.230 Thread 0x0000018ff02845d0 Exception <a 'java/lang/NoSuchMethodError'{0x000000062b879b98}: 'void java.lang.invoke.Invokers$Holder.invokeExact_MT(java.lang.Object, java.lang.Object, java.lang.Object)'> (0x000000062b879b98) 
thrown [s\open\src\hotspot\share\interpreter\linkResolver.cpp, line 804]
Event: 0.230 Thread 0x0000018ff02845d0 Exception <a 'java/lang/NoSuchMethodError'{0x000000062b882330}: 'void java.lang.invoke.DirectMethodHandle$Holder.invokeSpecial(java.lang.Object, java.lang.Object, long)'> (0x000000062b882330) 
thrown [s\open\src\hotspot\share\interpreter\linkResolver.cpp, line 804]
Event: 0.230 Thread 0x0000018ff02845d0 Exception <a 'java/lang/NoSuchMethodError'{0x000000062b889f90}: 'void java.lang.invoke.Invokers$Holder.invokeExact_MT(java.lang.Object, long, java.lang.Object)'> (0x000000062b889f90) 
thrown [s\open\src\hotspot\share\interpreter\linkResolver.cpp, line 804]
Event: 0.231 Thread 0x0000018ff02845d0 Exception <a 'java/lang/NoSuchMethodError'{0x000000062b8addd0}: 'void java.lang.invoke.DirectMethodHandle$Holder.invokeStaticInit(java.lang.Object, java.lang.Object, java.lang.Object, int, int)'> (0x000000062b8addd0) 
thrown [s\open\src\hotspot\share\interpreter\linkResolver.cpp, line 804]
Event: 0.231 Thread 0x0000018ff02845d0 Exception <a 'java/lang/NoSuchMethodError'{0x000000062b8be2c8}: 'void java.lang.invoke.DelegatingMethodHandle$Holder.reinvoke_L(java.lang.Object, java.lang.Object, java.lang.Object, int, int)'> (0x000000062b8be2c8) 
thrown [s\open\src\hotspot\share\interpreter\linkResolver.cpp, line 804]
Event: 0.232 Thread 0x0000018ff02845d0 Exception <a 'java/lang/NoSuchMethodError'{0x000000062b8df2f8}: 'void java.lang.invoke.DirectMethodHandle$Holder.invokeSpecial(java.lang.Object, java.lang.Object, java.lang.Object, int, int)'> (0x000000062b8df2f8) 
thrown [s\open\src\hotspot\share\interpreter\linkResolver.cpp, line 804]
Event: 0.233 Thread 0x0000018ff02845d0 Exception <a 'java/lang/NoSuchMethodError'{0x000000062b92add8}: 'int java.lang.invoke.DirectMethodHandle$Holder.invokeStatic(java.lang.Object, java.lang.Object, java.lang.Object, long)'> (0x000000062b92add8) 
thrown [s\open\src\hotspot\share\interpreter\linkResolver.cpp, line 804]
Event: 0.234 Thread 0x0000018ff02845d0 Exception <a 'java/lang/NoSuchMethodError'{0x000000062b93afc0}: 'int java.lang.invoke.DelegatingMethodHandle$Holder.reinvoke_L(java.lang.Object, java.lang.Object, java.lang.Object, long)'> (0x000000062b93afc0) 
thrown [s\open\src\hotspot\share\interpreter\linkResolver.cpp, line 804]
Event: 0.236 Thread 0x0000018ff02845d0 Exception <a 'java/lang/NoSuchMethodError'{0x000000062b980280}: 'long java.lang.invoke.DirectMethodHandle$Holder.invokeStaticInit(java.lang.Object, java.lang.Object, java.lang.Object, int, int, long, long, long)'> (0x000000062b980280) 
thrown [s\open\src\hotspot\share\interpreter\linkResolver.cpp, line 804]
Event: 0.236 Thread 0x0000018ff02845d0 Exception <a 'java/lang/NoSuchMethodError'{0x000000062b990a18}: 'long java.lang.invoke.DelegatingMethodHandle$Holder.reinvoke_L(java.lang.Object, java.lang.Object, java.lang.Object, int, int, long, long, long)'> (0x000000062b990a18) 
thrown [s\open\src\hotspot\share\interpreter\linkResolver.cpp, line 804]
Event: 0.236 Thread 0x0000018ff02845d0 Exception <a 'java/lang/NoSuchMethodError'{0x000000062b9b2b18}: 'long java.lang.invoke.DirectMethodHandle$Holder.invokeSpecial(java.lang.Object, java.lang.Object, java.lang.Object, int, int, long, long, long)'> (0x000000062b9b2b18) 
thrown [s\open\src\hotspot\share\interpreter\linkResolver.cpp, line 804]
Event: 0.313 Thread 0x0000018ff02845d0 Exception <a 'java/lang/NoSuchMethodError'{0x000000062b9e68f8}: 'void java.lang.invoke.DirectMethodHandle$Holder.invokeStatic(java.lang.Object, java.lang.Object, java.lang.Object, long)'> (0x000000062b9e68f8) 
thrown [s\open\src\hotspot\share\interpreter\linkResolver.cpp, line 804]
Event: 0.313 Thread 0x0000018ff02845d0 Exception <a 'java/lang/NoSuchMethodError'{0x000000062b9eec68}: 'void java.lang.invoke.DirectMethodHandle$Holder.invokeStaticInit(java.lang.Object, java.lang.Object, java.lang.Object, long)'> (0x000000062b9eec68) 
thrown [s\open\src\hotspot\share\interpreter\linkResolver.cpp, line 804]
Event: 0.313 Thread 0x0000018ff02845d0 Exception <a 'java/lang/NoSuchMethodError'{0x000000062b9fef38}: 'void java.lang.invoke.DelegatingMethodHandle$Holder.reinvoke_L(java.lang.Object, java.lang.Object, java.lang.Object, long)'> (0x000000062b9fef38) 
thrown [s\open\src\hotspot\share\interpreter\linkResolver.cpp, line 804]
Event: 0.314 Thread 0x0000018ff02845d0 Exception <a 'java/lang/NoSuchMethodError'{0x000000062ba1fae0}: 'void java.lang.invoke.DirectMethodHandle$Holder.invokeSpecial(java.lang.Object, java.lang.Object, java.lang.Object, long)'> (0x000000062ba1fae0) 
thrown [s\open\src\hotspot\share\interpreter\linkResolver.cpp, line 804]
Event: 0.314 Thread 0x0000018ff02845d0 Exception <a 'java/lang/NoSuchMethodError'{0x000000062ba277c8}: 'void java.lang.invoke.Invokers$Holder.invokeExact_MT(java.lang.Object, java.lang.Object, long, java.lang.Object)'> (0x000000062ba277c8) 
thrown [s\open\src\hotspot\share\interpreter\linkResolver.cpp, line 804]
Event: 0.314 Thread 0x0000018ff02845d0 Exception <a 'java/lang/NoSuchMethodError'{0x000000062ba30118}: 'void java.lang.invoke.DirectMethodHandle$Holder.invokeSpecial(java.lang.Object, java.lang.Object, long, long)'> (0x000000062ba30118) 
thrown [s\open\src\hotspot\share\interpreter\linkResolver.cpp, line 804]
Event: 0.314 Thread 0x0000018ff02845d0 Exception <a 'java/lang/NoSuchMethodError'{0x000000062ba37d80}: 'void java.lang.invoke.Invokers$Holder.invokeExact_MT(java.lang.Object, long, long, java.lang.Object)'> (0x000000062ba37d80) 
thrown [s\open\src\hotspot\share\interpreter\linkResolver.cpp, line 804]

VM Operations (12 events):
Event: 0.061 Executing non-safepoint VM operation: HandshakeAllThreads (Deoptimize)
Event: 0.061 Executing non-safepoint VM operation: HandshakeAllThreads (Deoptimize) done
Event: 0.098 Executing non-safepoint VM operation: HandshakeAllThreads (Deoptimize)
Event: 0.098 Executing non-safepoint VM operation: HandshakeAllThreads (Deoptimize) done
Event: 0.130 Executing non-safepoint VM operation: HandshakeAllThreads (Deoptimize)
Event: 0.130 Executing non-safepoint VM operation: HandshakeAllThreads (Deoptimize) done
Event: 0.145 Executing non-safepoint VM operation: HandshakeAllThreads (Deoptimize)
Event: 0.145 Executing non-safepoint VM operation: HandshakeAllThreads (Deoptimize) done
Event: 0.146 Executing non-safepoint VM operation: HandshakeAllThreads (Deoptimize)
Event: 0.146 Executing non-safepoint VM operation: HandshakeAllThreads (Deoptimize) done
Event: 0.218 Executing non-safepoint VM operation: HandshakeAllThreads (Deoptimize)
Event: 0.218 Executing non-safepoint VM operation: HandshakeAllThreads (Deoptimize) done

Memory protections (0 events):
No events

Nmethod flushes (0 events):
No events

Events (17 events):
Event: 0.009 Thread 0x0000018ff02845d0 Thread added: 0x0000018ff02845d0
Event: 0.014 Thread 0x0000018ff02845d0 Thread added: 0x0000018ffd7d7830
Event: 0.014 Thread 0x0000018ff02845d0 Thread added: 0x0000018ffd7d8140
Event: 0.014 Thread 0x0000018ff02845d0 Thread added: 0x0000018ffd7dad70
Event: 0.014 Thread 0x0000018ff02845d0 Thread added: 0x0000018ffd7df410
Event: 0.014 Thread 0x0000018ff02845d0 Thread added: 0x0000018ffd7dced0
Event: 0.014 Thread 0x0000018ff02845d0 Thread added: 0x0000018ffd7e1fe0
Event: 0.014 Thread 0x0000018ff02845d0 Thread added: 0x0000018ffd7e4280
Event: 0.014 Thread 0x0000018ff02845d0 Thread added: 0x0000018ffd7e7640
Event: 0.022 Thread 0x0000018ff02845d0 Thread added: 0x0000018f973a1470
Event: 0.023 Thread 0x0000018ff02845d0 Thread added: 0x0000018f973b1e50
Event: 0.032 Thread 0x0000018ffd7e7640 Thread added: 0x0000018f973e3cd0
Event: 0.033 Thread 0x0000018ffd7e7640 Thread added: 0x0000018f9747d780
Event: 0.097 Thread 0x0000018f973e3cd0 Thread added: 0x0000018f9c514020
Event: 0.173 Thread 0x0000018f973e3cd0 Thread added: 0x0000018f9c633840
Event: 0.199 Thread 0x0000018ffd7e4280 Thread added: 0x0000018f9c800080
Event: 0.199 Thread 0x0000018ffd7e4280 Thread added: 0x0000018f9c806ac0


Dynamic libraries:
0x00007ff7a77b0000 - 0x00007ff7a77be000 	C:\Users\Administrator\.jdks\openjdk-25.0.2\bin\java.exe
0x00007ffcfce60000 - 0x00007ffcfd0c9000 	C:\WINDOWS\SYSTEM32\ntdll.dll
0x00007ffcfbbc0000 - 0x00007ffcfbc89000 	C:\WINDOWS\System32\KERNEL32.DLL
0x00007ffcfa270000 - 0x00007ffcfa663000 	C:\WINDOWS\System32\KERNELBASE.dll
0x00007ffcf9ff0000 - 0x00007ffcfa13b000 	C:\WINDOWS\System32\ucrtbase.dll
0x00007ffce7cd0000 - 0x00007ffce7ce7000 	C:\Users\Administrator\.jdks\openjdk-25.0.2\bin\jli.dll
0x00007ffce7a90000 - 0x00007ffce7aae000 	C:\Users\Administrator\.jdks\openjdk-25.0.2\bin\VCRUNTIME140.dll
0x00007ffcfc250000 - 0x00007ffcfc414000 	C:\WINDOWS\System32\USER32.dll
0x00007ffceba10000 - 0x00007ffcebca3000 	C:\WINDOWS\WinSxS\amd64_microsoft.windows.common-controls_6595b64144ccf1df_6.0.26100.5074_none_3e0d6f78e32fd63f\COMCTL32.dll
0x00007ffcfa7f0000 - 0x00007ffcfa817000 	C:\WINDOWS\System32\win32u.dll
0x00007ffcfb880000 - 0x00007ffcfb929000 	C:\WINDOWS\System32\msvcrt.dll
0x00007ffcfb6e0000 - 0x00007ffcfb70b000 	C:\WINDOWS\System32\GDI32.dll
0x00007ffcfa140000 - 0x00007ffcfa26d000 	C:\WINDOWS\System32\gdi32full.dll
0x00007ffcfa820000 - 0x00007ffcfa8c3000 	C:\WINDOWS\System32\msvcp_win.dll
0x00007ffcfb710000 - 0x00007ffcfb73f000 	C:\WINDOWS\System32\IMM32.DLL
0x00007ffce7d60000 - 0x00007ffce7d6c000 	C:\Users\Administrator\.jdks\openjdk-25.0.2\bin\vcruntime140_1.dll
0x00007ffcb02b0000 - 0x00007ffcb033d000 	C:\Users\Administrator\.jdks\openjdk-25.0.2\bin\msvcp140.dll
0x00007ffc6a180000 - 0x00007ffc6afdf000 	C:\Users\Administrator\.jdks\openjdk-25.0.2\bin\server\jvm.dll
0x00007ffcfac30000 - 0x00007ffcface4000 	C:\WINDOWS\System32\ADVAPI32.dll
0x00007ffcfbd10000 - 0x00007ffcfbdb6000 	C:\WINDOWS\System32\sechost.dll
0x00007ffcfc420000 - 0x00007ffcfc538000 	C:\WINDOWS\System32\RPCRT4.dll
0x00007ffcfb800000 - 0x00007ffcfb874000 	C:\WINDOWS\System32\WS2_32.dll
0x00007ffcf9870000 - 0x00007ffcf98ce000 	C:\WINDOWS\SYSTEM32\POWRPROF.dll
0x00007ffcf2670000 - 0x00007ffcf26a5000 	C:\WINDOWS\SYSTEM32\WINMM.dll
0x00007ffcf26b0000 - 0x00007ffcf26bb000 	C:\WINDOWS\SYSTEM32\VERSION.dll
0x00007ffcf9850000 - 0x00007ffcf9864000 	C:\WINDOWS\SYSTEM32\UMPDC.dll
0x00007ffcf8d90000 - 0x00007ffcf8dab000 	C:\WINDOWS\SYSTEM32\kernel.appcore.dll
0x00007ffce7b40000 - 0x00007ffce7b4a000 	C:\Users\Administrator\.jdks\openjdk-25.0.2\bin\jimage.dll
0x00007ffcf31c0000 - 0x00007ffcf3402000 	C:\WINDOWS\SYSTEM32\DBGHELP.DLL
0x00007ffcfbdc0000 - 0x00007ffcfc13b000 	C:\WINDOWS\System32\combase.dll
0x00007ffcfc570000 - 0x00007ffcfc647000 	C:\WINDOWS\System32\OLEAUT32.dll
0x00007ffcf7140000 - 0x00007ffcf717d000 	C:\WINDOWS\SYSTEM32\dbgcore.DLL
0x00007ffcfab90000 - 0x00007ffcfac29000 	C:\WINDOWS\System32\bcryptPrimitives.dll
0x00007ffce3260000 - 0x00007ffce327f000 	C:\Users\Administrator\.jdks\openjdk-25.0.2\bin\java.dll
0x00007ffcfae60000 - 0x00007ffcfaff8000 	C:\WINDOWS\System32\ole32.dll
0x00007ffcfc650000 - 0x00007ffcfcd9d000 	C:\WINDOWS\System32\SHELL32.dll
0x00007ffcfa8d0000 - 0x00007ffcfaa3c000 	C:\WINDOWS\System32\wintypes.dll
0x00007ffcf7c30000 - 0x00007ffcf8489000 	C:\WINDOWS\SYSTEM32\windows.storage.dll
0x00007ffcfb930000 - 0x00007ffcfba20000 	C:\WINDOWS\System32\SHCORE.dll
0x00007ffcfb000000 - 0x00007ffcfb062000 	C:\WINDOWS\System32\shlwapi.dll
0x00007ffcf9f10000 - 0x00007ffcf9f39000 	C:\WINDOWS\SYSTEM32\profapi.dll
0x00007ffcdf860000 - 0x00007ffcdf872000 	C:\Users\Administrator\.jdks\openjdk-25.0.2\bin\net.dll
0x00007ffcf92f0000 - 0x00007ffcf935b000 	C:\WINDOWS\system32\mswsock.dll
0x00007ffcdc6c0000 - 0x00007ffcdc6d6000 	C:\Users\Administrator\.jdks\openjdk-25.0.2\bin\nio.dll
0x00007ffcdffe0000 - 0x00007ffcdfff7000 	C:\Users\Administrator\.jdks\openjdk-25.0.2\bin\zip.dll
0x00007ffc987e0000 - 0x00007ffc98864000 	C:\Users\Administrator\AppData\Local\Temp\lwjgl_Administrator\3.4.1+2\x64\lwjgl.dll
0x00007ffce5150000 - 0x00007ffce5160000 	C:\Users\Administrator\.jdks\openjdk-25.0.2\bin\verify.dll
0x00007ffc93a00000 - 0x00007ffc93a8a000 	C:\Users\ADMINI~1\AppData\Local\Temp\lwjgl_Administrator\3.4.1+2\x64\glfw.dll
0x00007ffca81c0000 - 0x00007ffca820b000 	C:\WINDOWS\SYSTEM32\dinput8.dll
0x00007ffce8350000 - 0x00007ffce8362000 	C:\WINDOWS\SYSTEM32\xinput1_4.dll
0x00007ffcf9ca0000 - 0x00007ffcf9cf7000 	C:\WINDOWS\SYSTEM32\cfgmgr32.dll
0x00007ffcf9c70000 - 0x00007ffcf9c9d000 	C:\WINDOWS\SYSTEM32\DEVOBJ.dll
0x00007ffcf75b0000 - 0x00007ffcf75db000 	C:\WINDOWS\SYSTEM32\dwmapi.dll
0x00007ffce87d0000 - 0x00007ffce89aa000 	C:\WINDOWS\SYSTEM32\inputhost.dll
0x00007ffcf6e50000 - 0x00007ffcf6f75000 	C:\WINDOWS\SYSTEM32\CoreMessaging.dll
0x00007ffcf7320000 - 0x00007ffcf73c8000 	C:\WINDOWS\system32\uxtheme.dll
0x00007ffcf9520000 - 0x00007ffcf952c000 	C:\WINDOWS\SYSTEM32\CRYPTBASE.DLL
0x00007ffcfba50000 - 0x00007ffcfbba8000 	C:\WINDOWS\System32\MSCTF.dll
0x00007ffcad7a0000 - 0x00007ffcad8ac000 	C:\WINDOWS\SYSTEM32\opengl32.dll
0x00007ffcb8c70000 - 0x00007ffcb8c9d000 	C:\WINDOWS\SYSTEM32\GLU32.dll
0x00007ffcf7400000 - 0x00007ffcf7444000 	C:\WINDOWS\SYSTEM32\dxcore.dll
0x00007ffced150000 - 0x00007ffced16a000 	C:\WINDOWS\SYSTEM32\windows.staterepositorycore.dll
0x00007ffcad530000 - 0x00007ffcad55e000 	C:\WINDOWS\System32\DriverStore\FileRepository\u0396538.inf_amd64_5079b158caf50d08\B395672\atig6pxx.dll
0x00007ffc871f0000 - 0x00007ffc8b6cf000 	C:\WINDOWS\System32\DriverStore\FileRepository\u0396538.inf_amd64_5079b158caf50d08\B395672\atio6axx.dll
0x00007ffcfb250000 - 0x00007ffcfb6d7000 	C:\WINDOWS\System32\SETUPAPI.dll
0x00007ffcf0110000 - 0x00007ffcf0145000 	C:\WINDOWS\SYSTEM32\amdihk64.dll
0x00007ffcfab00000 - 0x00007ffcfab7e000 	C:\WINDOWS\System32\WINTRUST.dll
0x00007ffcfa670000 - 0x00007ffcfa7e7000 	C:\WINDOWS\System32\CRYPT32.dll
0x00007ffcf9720000 - 0x00007ffcf9733000 	C:\WINDOWS\SYSTEM32\MSASN1.dll
0x00007ffcf9ee0000 - 0x00007ffcf9f06000 	C:\WINDOWS\SYSTEM32\BCrypt.dll
0x00007ffce72a0000 - 0x00007ffce73e9000 	C:\WINDOWS\SYSTEM32\textinputframework.dll
0x00007ffcf2bd0000 - 0x00007ffcf2eb3000 	C:\WINDOWS\SYSTEM32\CoreUIComponents.dll

JVMTI agents: none

dbghelp: loaded successfully - version: 4.0.5 - missing functions: none
symbol engine: initialized successfully - sym options: 0x614 - pdb path: .;C:\Users\Administrator\.jdks\openjdk-25.0.2\bin;C:\WINDOWS\SYSTEM32;C:\WINDOWS\WinSxS\amd64_microsoft.windows.common-controls_6595b64144ccf1df_6.0.26100.5074_none_3e0d6f78e32fd63f;C:\Users\Administrator\.jdks\openjdk-25.0.2\bin\server;C:\Users\Administrator\AppData\Local\Temp\lwjgl_Administrator\3.4.1+2\x64;C:\Users\ADMINI~1\AppData\Local\Temp\lwjgl_Administrator\3.4.1+2\x64;C:\WINDOWS\System32\DriverStore\FileRepository\u0396538.inf_amd64_5079b158caf50d08\B395672

VM Arguments:
jvm_args: -Dfile.encoding=UTF-8 -Duser.country=US -Duser.language=en -Duser.variant 
java_command: Main
java_class_path (initial): C:\Users\Administrator\Desktop\Chroma\build\classes\java\main;C:\Users\Administrator\Desktop\Chroma\build\resources\main;C:\Users\Administrator\.gradle\caches\modules-2\files-2.1\org.lwjgl\lwjgl-assimp\3.4.1\e37483d7fafa5c797e1c95b8a06c5d595bcd7b40\lwjgl-assimp-3.4.1.jar;C:\Users\Administrator\.gradle\caches\modules-2\files-2.1\org.lwjgl\lwjgl-assimp\3.4.1\777f2092426f7ebc4a00e17a7b6fdf15b948bd91\lwjgl-assimp-3.4.1-natives-windows.jar;C:\Users\Administrator\.gradle\caches\modules-2\files-2.1\org.lwjgl\lwjgl-glfw\3.4.1\a782b1ddd175c9107bf300fd92920579ea65e2a4\lwjgl-glfw-3.4.1.jar;C:\Users\Administrator\.gradle\caches\modules-2\files-2.1\org.lwjgl\lwjgl-glfw\3.4.1\2eb4aa895ea190ba8cf4356f8cea24d3ebb40ea1\lwjgl-glfw-3.4.1-natives-windows.jar;C:\Users\Administrator\.gradle\caches\modules-2\files-2.1\org.lwjgl\lwjgl-openal\3.4.1\8508bd60589de0539aa465b78fcf838efd07ae9a\lwjgl-openal-3.4.1.jar;C:\Users\Administrator\.gradle\caches\modules-2\files-2.1\org.lwjgl\lwjgl-openal\3.4.1\8e83fdfdf65c80c9877c6fb6cb645d239ed7638\lwjgl-openal-3.4.1-natives-windows.jar;C:\Users\Administrator\.gradle\caches\modules-2\files-2.1\org.lwjgl\lwjgl-opengl\3.4.1\830412cab823c029cda6b9729f9d2ed36cf79959\lwjgl-opengl-3.4.1.jar;C:\Users\Administrator\.gradle\caches\modules-2\files-2.1\org.lwjgl\lwjgl-opengl\3.4.1\617f37ef4e2ffb727bd5e74333e8073ef43ca1ec\lwjgl-opengl-3.4.1-natives-windows.jar;C:\Users\Administrator\.gradle\caches\modules-2\files-2.1\org.lwjgl\lwjgl-stb\3.4.1\f077c3dafc31924fbe8acb0b913f08977ba27f8e\lwjgl-stb-3.4.1.jar;C:\Users\Administrator\.gradle\caches\modules-2\files-2.1\org.lwjgl\lwjgl-stb\3.4.1\b4e13ece83c228ecf57354639d8555076a989d74\lwjgl-stb-3.4.1-natives-windows.jar;C:\Users\Administrator\.gradle\caches\modules-2\files-2.1\org.lwjgl\lwjgl\3.4.1\6105690714874b995aa7812e4f7732a21109276c\lwjgl-3.4.1.jar;C:\Users\Administrator\.gradle\caches\modules-2\files-2.1\org.lwjgl\lwjgl\3.4.1\96a217f0428ab73487f114a54179a4f41e851a04\lwjgl-3.4.1-natives-windows.jar;C:\Users\Administrator\.gradle\caches\modules-2\files-2.1\org.joml\joml\1.10.8\fc0a71dad90a2cf41d82a76156a0e700af8e4f8d\joml-1.10.8.jar;C:\Users\Administrator\.gradle\caches\modules-2\files-2.1\org.jetbrains.kotlin\kotlin-stdlib-jdk8\1.8.20\73576ddf378c5b4f1f6b449fe6b119b8183fc078\kotlin-stdlib-jdk8-1.8.20.jar;C:\Users\Administrator\.gradle\caches\modules-2\files-2.1\org.jetbrains.kotlin\kotlin-stdlib-jdk7\1.8.20\3aa51faf20aae8b31e1a4bc54f8370673d7b7df4\kotlin-stdlib-jdk7-1.8.20.jar;C:\Users\Administrator\.gradle\caches\modules-2\files-2.1\org.jetbrains.kotlin\kotlin-stdlib\1.8.20\e72fc5e03ec6c064c678a6bd0d955c88d55b0c4a\kotlin-stdlib-1.8.20.jar;C:\Users\Administrator\.gradle\caches\modules-2\files-2.1\org.jetbrains.kotlin\kotlin-stdlib-common\1.8.20\5eddaaf234c8c49d03eebeb6a14feb7f90faca71\kotlin-stdlib-common-1.8.20.jar;C:\Users\Administrator\.gradle\caches\modules-2\files-2.1\org.jetbrains\annotations\13.0\919f0dfe192fb4e063e7dacadee7f8bb9a2672a9\annotations-13.0.jar
Launcher Type: SUN_STANDARD

[Global flags]
     intx CICompilerCount                          = 12                                        {product} {ergonomic}
     uint ConcGCThreads                            = 3                                         {product} {ergonomic}
     uint G1ConcRefinementThreads                  = 13                                        {product} {ergonomic}
   size_t G1HeapRegionSize                         = 4194304                                   {product} {ergonomic}
   size_t InitialHeapSize                          = 524288000                                 {product} {ergonomic}
   size_t MarkStackSize                            = 4194304                                   {product} {ergonomic}
   size_t MarkStackSizeMax                         = 536870912                                 {product} {ergonomic}
   size_t MaxHeapSize                              = 8355053568                                {product} {ergonomic}
   size_t MaxNewSize                               = 5012193280                                {product} {ergonomic}
   size_t MinHeapDeltaBytes                        = 4194304                                   {product} {ergonomic}
   size_t MinHeapSize                              = 8388608                                   {product} {ergonomic}
    uintx NonNMethodCodeHeapSize                   = 7602176                                {pd product} {ergonomic}
    uintx NonProfiledCodeHeapSize                  = 122093568                              {pd product} {ergonomic}
    uintx ProfiledCodeHeapSize                     = 121962496                              {pd product} {ergonomic}
    uintx ReservedCodeCacheSize                    = 251658240                              {pd product} {ergonomic}
     bool SegmentedCodeCache                       = true                                      {product} {ergonomic}
   size_t SoftMaxHeapSize                          = 8355053568                             {manageable} {ergonomic}
     bool UseCompressedOops                        = true                           {product lp64_product} {ergonomic}
     bool UseG1GC                                  = true                                      {product} {ergonomic}
     bool UseLargePagesIndividualAllocation        = false                                  {pd product} {ergonomic}

Logging:
Log output configuration:
 #0: stdout all=warning uptime,level,tags foldmultilines=false
 #1: stderr all=off uptime,level,tags foldmultilines=false

Release file:
IMPLEMENTOR="Oracle Corporation" 
JAVA_RUNTIME_VERSION="25.0.2+10-69" 
JAVA_VERSION="25.0.2" 
JAVA_VERSION_DATE="2026-01-20" 
LIBC="default" 
MODULES="java.base java.compiler java.datatransfer java.xml java.prefs java.desktop java.instrument java.logging java.management java.security.sasl java.naming java.rmi java.management.rmi java.net.http java.scripting java.security.jgss java.transaction.xa java.sql java.sql.rowset java.xml.crypto java.se java.smartcardio jdk.accessibility jdk.internal.jvmstat jdk.attach jdk.charsets jdk.internal.opt jdk.zipfs jdk.compiler jdk.crypto.cryptoki jdk.crypto.ec jdk.crypto.mscapi jdk.dynalink jdk.internal.ed jdk.editpad jdk.internal.vm.ci jdk.graal.compiler jdk.graal.compiler.management jdk.hotspot.agent jdk.httpserver jdk.incubator.vector jdk.internal.le jdk.internal.md jdk.jartool jdk.javadoc jdk.jcmd jdk.management jdk.management.agent jdk.jconsole jdk.jdeps jdk.jdwp.agent jdk.jdi jdk.jfr jdk.jlink jdk.jpackage jdk.jshell jdk.jsobject jdk.jstatd jdk.localedata jdk.management.jfr jdk.naming.dns jdk.naming.rmi jdk.net jdk.nio.mapmode jdk.sctp jdk.security.auth jdk.security.jgss jdk.unsupported jdk.unsupported.desktop jdk.xml.dom" 
OS_ARCH="x86_64" 
OS_NAME="Windows" 
SOURCE=".:git:405a5699ebd0" 

Environment Variables:
PATH=C:\Program Files\dotnet\;C:\Program Files (x86)\Windows Kits\10\Windows Performance Toolkit\;C:\Program Files\Common Files\Oracle\Java\javapath;C:\Program Files (x86)\Razer\ChromaBroadcast\bin;C:\Program Files\Razer\ChromaBroadcast\bin;C:\Program Files (x86)\Common Files\Oracle\Java\java8path;C:\Program Files (x86)\Common Files\Oracle\Java\javapath;C:\WINDOWS\system32;C:\WINDOWS;C:\WINDOWS\System32\Wbem;C:\WINDOWS\System32\WindowsPowerShell\v1.0\;C:\WINDOWS\System32\OpenSSH\;D:\Programms\Git\cmd;C:\Program Files\nodejs\;C:\ProgramData\chocolatey\bin;C:\WINDOWS\system32\config\systemprofile\AppData\Local\Microsoft\WindowsApps;C:\Program Files\Microsoft SQL Server\150\Tools\Binn\;C:\Program Files\Microsoft SQL Server\170\Tools\Binn\;;C:\Program Files\Docker\Docker\resources\bin;C:\Users\Administrator\.dotnet\tools;D:\Programms\IntelliJ IDEA 2025.3.2\bin;C:\Users\Administrator\scoop\shims;C:\Users\Administrator\AppData\Local\Programs\Python\Python312\Scripts\;C:\Users\Administrator\AppData\Local\Programs\Python\Python312\;C:\Users\Administrator\.cargo\bin;C:\Users\Administrator\AppData\Local\Microsoft\WindowsApps;D:\Programms\Microsoft VS Code\bin;C:\Users\Administrator\AppData\Roaming\npm;C:\Users\Administrator\AppData\Local\Programs\cursor\resources\app\bin;C:\Users\Administrator\AppData\Local\PowerToys\DSCModules\
USERNAME=Administrator
OS=Windows_NT
PROCESSOR_IDENTIFIER=AMD64 Family 25 Model 97 Stepping 2, AuthenticAMD
TMP=C:\Users\ADMINI~1\AppData\Local\Temp
TEMP=C:\Users\ADMINI~1\AppData\Local\Temp




Compilation memory statistics disabled.

Periodic native trim disabled

---------------  S Y S T E M  ---------------

OS:
 Windows 11 , 64 bit Build 26100 (10.0.26100.5074)
OS uptime: 10 days 3:33 hours
Hyper-V role detected

CPU: total 16 (initial active 16) (16 cores per cpu, 2 threads per core) family 25 model 97 stepping 2 microcode 0xa60120c, cx8, cmov, fxsr, ht, mmx, 3dnowpref, sse, sse2, sse3, ssse3, sse4a, sse4.1, sse4.2, popcnt, lzcnt, tsc, tscinvbit, avx, avx2, aes, erms, clmul, bmi1, bmi2, adx, avx512f, avx512dq, avx512cd, avx512bw, avx512vl, sha, fma, vzeroupper, avx512_vpopcntdq, avx512_vpclmulqdq, avx512_vaes, avx512_vnni, clflush, clflushopt, clwb, avx512_vbmi2, avx512_vbmi, hv, rdtscp, rdpid, fsrm, gfni, avx512_bitalg, f16c, cet_ss, avx512_ifma
Processor Information for the first 16 processors :
  Max Mhz: 4201, Current Mhz: 4201, Mhz Limit: 4201

Memory: 4k page, system-wide physical 31861M (16421M free)
TotalPageFile size 37493M (AvailPageFile size 18856M)
current process WorkingSet (physical memory assigned to process): 142M, peak: 142M
current process commit charge ("private bytes"): 685M, peak: 685M

vm_info: OpenJDK 64-Bit Server VM (25.0.2+10-69) for windows-amd64 JRE (25.0.2+10-69), built on 2025-12-18T11:36:35Z with MS VC++ 17.13 (VS2022)

END.
